<?xml version="1.0" encoding="UTF-8"?>
<coverage generated="1671021446794" clover="3.2.0">
  <project timestamp="1671021446794" name="All files">
    <metrics statements="515" coveredstatements="503" conditionals="191" coveredconditionals="189" methods="151" coveredmethods="148" elements="857" coveredelements="840" complexity="0" loc="515" ncloc="515" packages="6" files="22" classes="22"/>
    <package name="src">
      <metrics statements="3" coveredstatements="3" conditionals="0" coveredconditionals="0" methods="3" coveredmethods="3"/>
      <file name="App.js" path="/home/gabriela/Documents/Trybe/Projetos/sd-025-a-project-recipes-app/src/App.js">
        <metrics statements="3" coveredstatements="3" conditionals="0" coveredconditionals="0" methods="3" coveredmethods="3"/>
        <line num="16" count="45" type="stmt"/>
        <line num="25" count="4" type="stmt"/>
        <line num="30" count="4" type="stmt"/>
      </file>
    </package>
    <package name="src.components">
      <metrics statements="301" coveredstatements="301" conditionals="145" coveredconditionals="143" methods="70" coveredmethods="70"/>
      <file name="DrinksInProgress.js" path="/home/gabriela/Documents/Trybe/Projetos/sd-025-a-project-recipes-app/src/components/DrinksInProgress.js">
        <metrics statements="49" coveredstatements="49" conditionals="20" coveredconditionals="20" methods="11" coveredmethods="11"/>
        <line num="11" count="15" type="stmt"/>
        <line num="14" count="22" type="stmt"/>
        <line num="15" count="21" type="stmt"/>
        <line num="16" count="21" type="stmt"/>
        <line num="17" count="21" type="stmt"/>
        <line num="18" count="21" type="stmt"/>
        <line num="19" count="21" type="stmt"/>
        <line num="20" count="21" type="stmt"/>
        <line num="21" count="21" type="stmt"/>
        <line num="22" count="21" type="stmt"/>
        <line num="24" count="21" type="stmt"/>
        <line num="25" count="7" type="stmt"/>
        <line num="26" count="7" type="stmt"/>
        <line num="27" count="4" type="stmt"/>
        <line num="28" count="4" type="stmt"/>
        <line num="31" count="21" type="stmt"/>
        <line num="32" count="2" type="stmt"/>
        <line num="33" count="2" type="stmt"/>
        <line num="34" count="2" type="stmt"/>
        <line num="37" count="21" type="stmt"/>
        <line num="38" count="7" type="stmt"/>
        <line num="41" count="21" type="stmt"/>
        <line num="42" count="11" type="cond" truecount="2" falsecount="0"/>
        <line num="43" count="11" type="cond" truecount="2" falsecount="0"/>
        <line num="44" count="1" type="stmt"/>
        <line num="48" count="21" type="stmt"/>
        <line num="50" count="21" type="stmt"/>
        <line num="62" count="21" type="stmt"/>
        <line num="63" count="2" type="cond" truecount="2" falsecount="0"/>
        <line num="64" count="2" type="stmt"/>
        <line num="65" count="2" type="stmt"/>
        <line num="66" count="2" type="stmt"/>
        <line num="69" count="21" type="stmt"/>
        <line num="70" count="2" type="cond" truecount="2" falsecount="0"/>
        <line num="71" count="1" type="stmt"/>
        <line num="72" count="1" type="stmt"/>
        <line num="73" count="1" type="stmt"/>
        <line num="74" count="1" type="stmt"/>
        <line num="76" count="1" type="stmt"/>
        <line num="79" count="21" type="stmt"/>
        <line num="88" count="21" type="stmt"/>
        <line num="89" count="3" type="cond" truecount="2" falsecount="0"/>
        <line num="90" count="3" type="cond" truecount="2" falsecount="0"/>
        <line num="91" count="2" type="stmt"/>
        <line num="92" count="2" type="stmt"/>
        <line num="94" count="1" type="stmt"/>
        <line num="95" count="1" type="stmt"/>
        <line num="96" count="1" type="stmt"/>
        <line num="99" count="21" type="stmt"/>
      </file>
      <file name="Footer.js" path="/home/gabriela/Documents/Trybe/Projetos/sd-025-a-project-recipes-app/src/components/Footer.js">
        <metrics statements="4" coveredstatements="4" conditionals="0" coveredconditionals="0" methods="3" coveredmethods="3"/>
        <line num="7" count="111" type="stmt"/>
        <line num="8" count="111" type="stmt"/>
        <line num="13" count="1" type="stmt"/>
        <line num="25" count="1" type="stmt"/>
      </file>
      <file name="Header.js" path="/home/gabriela/Documents/Trybe/Projetos/sd-025-a-project-recipes-app/src/components/Header.js">
        <metrics statements="5" coveredstatements="5" conditionals="7" coveredconditionals="7" methods="3" coveredmethods="3"/>
        <line num="11" count="128" type="stmt"/>
        <line num="12" count="128" type="stmt"/>
        <line num="14" count="128" type="stmt"/>
        <line num="23" count="1" type="stmt"/>
        <line num="41" count="5" type="stmt"/>
      </file>
      <file name="IngredientsProgress.js" path="/home/gabriela/Documents/Trybe/Projetos/sd-025-a-project-recipes-app/src/components/IngredientsProgress.js">
        <metrics statements="69" coveredstatements="69" conditionals="31" coveredconditionals="31" methods="15" coveredmethods="15"/>
        <line num="9" count="119" type="stmt"/>
        <line num="10" count="116" type="stmt"/>
        <line num="11" count="116" type="stmt"/>
        <line num="12" count="116" type="stmt"/>
        <line num="14" count="116" type="stmt"/>
        <line num="15" count="116" type="stmt"/>
        <line num="16" count="116" type="stmt"/>
        <line num="17" count="116" type="stmt"/>
        <line num="19" count="116" type="stmt"/>
        <line num="20" count="52" type="stmt"/>
        <line num="21" count="52" type="cond" truecount="2" falsecount="0"/>
        <line num="22" count="31" type="stmt"/>
        <line num="23" count="90" type="stmt"/>
        <line num="26" count="52" type="cond" truecount="2" falsecount="0"/>
        <line num="27" count="21" type="stmt"/>
        <line num="28" count="21" type="stmt"/>
        <line num="31" count="52" type="stmt"/>
        <line num="34" count="116" type="stmt"/>
        <line num="36" count="52" type="stmt"/>
        <line num="37" count="52" type="cond" truecount="2" falsecount="0"/>
        <line num="38" count="52" type="cond" truecount="2" falsecount="0"/>
        <line num="39" count="14" type="stmt"/>
        <line num="40" count="14" type="stmt"/>
        <line num="42" count="38" type="stmt"/>
        <line num="44" count="52" type="stmt"/>
        <line num="45" count="52" type="stmt"/>
        <line num="49" count="232" type="stmt"/>
        <line num="50" count="8156" type="cond" truecount="3" falsecount="0"/>
        <line num="52" count="1215" type="stmt"/>
        <line num="53" count="232" type="stmt"/>
        <line num="56" count="116" type="stmt"/>
        <line num="57" count="116" type="stmt"/>
        <line num="59" count="116" type="stmt"/>
        <line num="60" count="145" type="stmt"/>
        <line num="61" count="145" type="stmt"/>
        <line num="62" count="688" type="stmt"/>
        <line num="64" count="145" type="stmt"/>
        <line num="67" count="116" type="stmt"/>
        <line num="68" count="33" type="cond" truecount="2" falsecount="0"/>
        <line num="69" count="31" type="stmt"/>
        <line num="71" count="33" type="cond" truecount="2" falsecount="0"/>
        <line num="72" count="2" type="stmt"/>
        <line num="73" count="2" type="cond" truecount="2" falsecount="0"/>
        <line num="74" count="1" type="stmt"/>
        <line num="75" count="3" type="stmt"/>
        <line num="78" count="2" type="cond" truecount="2" falsecount="0"/>
        <line num="79" count="1" type="stmt"/>
        <line num="81" count="3" type="stmt"/>
        <line num="86" count="116" type="stmt"/>
        <line num="87" count="29" type="cond" truecount="2" falsecount="0"/>
        <line num="88" count="5" type="stmt"/>
        <line num="90" count="24" type="stmt"/>
        <line num="94" count="116" type="stmt"/>
        <line num="95" count="33" type="stmt"/>
        <line num="96" count="33" type="cond" truecount="2" falsecount="0"/>
        <line num="97" count="22" type="cond" truecount="2" falsecount="0"/>
        <line num="98" count="4" type="stmt"/>
        <line num="100" count="18" type="stmt"/>
        <line num="102" count="18" type="stmt"/>
        <line num="103" count="18" type="stmt"/>
        <line num="105" count="33" type="cond" truecount="2" falsecount="0"/>
        <line num="106" count="11" type="cond" truecount="2" falsecount="0"/>
        <line num="107" count="4" type="stmt"/>
        <line num="109" count="7" type="stmt"/>
        <line num="112" count="11" type="stmt"/>
        <line num="113" count="11" type="stmt"/>
        <line num="117" count="116" type="stmt"/>
        <line num="120" count="503" type="stmt"/>
        <line num="144" count="15" type="stmt"/>
      </file>
      <file name="MealsInProgress.js" path="/home/gabriela/Documents/Trybe/Projetos/sd-025-a-project-recipes-app/src/components/MealsInProgress.js">
        <metrics statements="49" coveredstatements="49" conditionals="20" coveredconditionals="20" methods="11" coveredmethods="11"/>
        <line num="11" count="15" type="stmt"/>
        <line num="14" count="20" type="stmt"/>
        <line num="15" count="18" type="stmt"/>
        <line num="16" count="18" type="stmt"/>
        <line num="17" count="18" type="stmt"/>
        <line num="18" count="18" type="stmt"/>
        <line num="19" count="18" type="stmt"/>
        <line num="20" count="18" type="stmt"/>
        <line num="21" count="18" type="stmt"/>
        <line num="22" count="18" type="stmt"/>
        <line num="24" count="18" type="stmt"/>
        <line num="25" count="7" type="stmt"/>
        <line num="26" count="7" type="stmt"/>
        <line num="27" count="4" type="stmt"/>
        <line num="28" count="4" type="stmt"/>
        <line num="31" count="18" type="stmt"/>
        <line num="32" count="2" type="stmt"/>
        <line num="33" count="2" type="stmt"/>
        <line num="34" count="2" type="stmt"/>
        <line num="37" count="18" type="stmt"/>
        <line num="38" count="7" type="stmt"/>
        <line num="41" count="18" type="stmt"/>
        <line num="42" count="11" type="cond" truecount="2" falsecount="0"/>
        <line num="43" count="11" type="cond" truecount="2" falsecount="0"/>
        <line num="44" count="1" type="stmt"/>
        <line num="48" count="18" type="stmt"/>
        <line num="50" count="18" type="stmt"/>
        <line num="62" count="18" type="stmt"/>
        <line num="63" count="2" type="cond" truecount="2" falsecount="0"/>
        <line num="64" count="2" type="stmt"/>
        <line num="65" count="2" type="stmt"/>
        <line num="66" count="2" type="stmt"/>
        <line num="69" count="18" type="stmt"/>
        <line num="70" count="2" type="cond" truecount="2" falsecount="0"/>
        <line num="71" count="1" type="stmt"/>
        <line num="72" count="1" type="stmt"/>
        <line num="73" count="1" type="stmt"/>
        <line num="74" count="1" type="stmt"/>
        <line num="76" count="1" type="stmt"/>
        <line num="79" count="18" type="stmt"/>
        <line num="88" count="18" type="stmt"/>
        <line num="89" count="2" type="cond" truecount="2" falsecount="0"/>
        <line num="90" count="2" type="cond" truecount="2" falsecount="0"/>
        <line num="91" count="1" type="stmt"/>
        <line num="92" count="1" type="stmt"/>
        <line num="94" count="1" type="stmt"/>
        <line num="95" count="1" type="stmt"/>
        <line num="96" count="1" type="stmt"/>
        <line num="100" count="18" type="stmt"/>
      </file>
      <file name="RecipeCard.js" path="/home/gabriela/Documents/Trybe/Projetos/sd-025-a-project-recipes-app/src/components/RecipeCard.js">
        <metrics statements="0" coveredstatements="0" conditionals="0" coveredconditionals="0" methods="0" coveredmethods="0"/>
      </file>
      <file name="RecipeDetails.js" path="/home/gabriela/Documents/Trybe/Projetos/sd-025-a-project-recipes-app/src/components/RecipeDetails.js">
        <metrics statements="91" coveredstatements="91" conditionals="51" coveredconditionals="49" methods="20" coveredmethods="20"/>
        <line num="11" count="15" type="stmt"/>
        <line num="12" count="15" type="stmt"/>
        <line num="15" count="24" type="stmt"/>
        <line num="16" count="20" type="stmt"/>
        <line num="17" count="20" type="stmt"/>
        <line num="18" count="20" type="stmt"/>
        <line num="19" count="20" type="stmt"/>
        <line num="20" count="20" type="stmt"/>
        <line num="21" count="8" type="stmt"/>
        <line num="22" count="8" type="stmt"/>
        <line num="23" count="8" type="stmt"/>
        <line num="24" count="8" type="cond" truecount="2" falsecount="0"/>
        <line num="25" count="4" type="stmt"/>
        <line num="26" count="4" type="stmt"/>
        <line num="27" count="8" type="stmt"/>
        <line num="28" count="4" type="stmt"/>
        <line num="29" count="4" type="cond" truecount="2" falsecount="0"/>
        <line num="30" count="2" type="stmt"/>
        <line num="32" count="2" type="stmt"/>
        <line num="36" count="40" type="stmt"/>
        <line num="37" count="416" type="cond" truecount="3" falsecount="0"/>
        <line num="39" count="78" type="stmt"/>
        <line num="40" count="40" type="stmt"/>
        <line num="43" count="20" type="stmt"/>
        <line num="44" count="8" type="stmt"/>
        <line num="45" count="8" type="stmt"/>
        <line num="46" count="8" type="cond" truecount="2" falsecount="0"/>
        <line num="47" count="4" type="stmt"/>
        <line num="48" count="4" type="stmt"/>
        <line num="49" count="8" type="stmt"/>
        <line num="50" count="3" type="stmt"/>
        <line num="51" count="3" type="cond" truecount="2" falsecount="0"/>
        <line num="52" count="2" type="stmt"/>
        <line num="53" count="1" type="stmt"/>
        <line num="56" count="20" type="stmt"/>
        <line num="57" count="4" type="stmt"/>
        <line num="58" count="4" type="stmt"/>
        <line num="59" count="4" type="cond" truecount="2" falsecount="0"/>
        <line num="60" count="2" type="stmt"/>
        <line num="62" count="4" type="cond" truecount="2" falsecount="0"/>
        <line num="63" count="2" type="stmt"/>
        <line num="66" count="20" type="stmt"/>
        <line num="67" count="8" type="stmt"/>
        <line num="68" count="8" type="stmt"/>
        <line num="69" count="8" type="stmt"/>
        <line num="72" count="20" type="stmt"/>
        <line num="73" count="10" type="cond" truecount="2" falsecount="0"/>
        <line num="74" count="10" type="cond" truecount="3" falsecount="1"/>
        <line num="75" count="2" type="stmt"/>
        <line num="79" count="20" type="stmt"/>
        <line num="80" count="20" type="stmt"/>
        <line num="82" count="20" type="stmt"/>
        <line num="83" count="20" type="stmt"/>
        <line num="84" count="20" type="stmt"/>
        <line num="85" count="46" type="stmt"/>
        <line num="87" count="20" type="stmt"/>
        <line num="90" count="20" type="stmt"/>
        <line num="91" count="2" type="stmt"/>
        <line num="92" count="2" type="stmt"/>
        <line num="93" count="2" type="stmt"/>
        <line num="94" count="2" type="stmt"/>
        <line num="95" count="2" type="stmt"/>
        <line num="96" count="2" type="stmt"/>
        <line num="99" count="20" type="stmt"/>
        <line num="100" count="4" type="stmt"/>
        <line num="101" count="4" type="stmt"/>
        <line num="102" count="4" type="cond" truecount="2" falsecount="0"/>
        <line num="103" count="4" type="stmt"/>
        <line num="104" count="4" type="cond" truecount="2" falsecount="0"/>
        <line num="105" count="2" type="cond" truecount="2" falsecount="0"/>
        <line num="106" count="1" type="stmt"/>
        <line num="115" count="2" type="cond" truecount="2" falsecount="0"/>
        <line num="116" count="1" type="stmt"/>
        <line num="126" count="2" type="stmt"/>
        <line num="127" count="2" type="stmt"/>
        <line num="128" count="2" type="cond" truecount="1" falsecount="1"/>
        <line num="129" count="2" type="cond" truecount="2" falsecount="0"/>
        <line num="130" count="1" type="stmt"/>
        <line num="131" count="1" type="stmt"/>
        <line num="132" count="1" type="stmt"/>
        <line num="133" count="2" type="cond" truecount="2" falsecount="0"/>
        <line num="134" count="1" type="stmt"/>
        <line num="135" count="1" type="stmt"/>
        <line num="136" count="1" type="stmt"/>
        <line num="141" count="20" type="stmt"/>
        <line num="145" count="48" type="stmt"/>
        <line num="151" count="8" type="stmt"/>
        <line num="155" count="20" type="stmt"/>
        <line num="159" count="46" type="stmt"/>
        <line num="171" count="12" type="stmt"/>
        <line num="219" count="15" type="stmt"/>
      </file>
      <file name="SearchBar.js" path="/home/gabriela/Documents/Trybe/Projetos/sd-025-a-project-recipes-app/src/components/SearchBar.js">
        <metrics statements="34" coveredstatements="34" conditionals="16" coveredconditionals="16" methods="7" coveredmethods="7"/>
        <line num="9" count="67" type="stmt"/>
        <line num="10" count="67" type="stmt"/>
        <line num="11" count="67" type="stmt"/>
        <line num="15" count="67" type="stmt"/>
        <line num="17" count="67" type="stmt"/>
        <line num="23" count="67" type="stmt"/>
        <line num="28" count="67" type="stmt"/>
        <line num="29" count="67" type="stmt"/>
        <line num="30" count="67" type="stmt"/>
        <line num="31" count="6" type="stmt"/>
        <line num="34" count="67" type="stmt"/>
        <line num="35" count="11" type="cond" truecount="2" falsecount="0"/>
        <line num="36" count="1" type="stmt"/>
        <line num="38" count="11" type="cond" truecount="2" falsecount="0"/>
        <line num="39" count="1" type="stmt"/>
        <line num="43" count="67" type="stmt"/>
        <line num="44" count="6" type="cond" truecount="4" falsecount="0"/>
        <line num="45" count="1" type="stmt"/>
        <line num="46" count="1" type="stmt"/>
        <line num="48" count="5" type="cond" truecount="2" falsecount="0"/>
        <line num="49" count="2" type="stmt"/>
        <line num="51" count="2" type="cond" truecount="2" falsecount="0"/>
        <line num="52" count="1" type="stmt"/>
        <line num="53" count="1" type="stmt"/>
        <line num="55" count="1" type="stmt"/>
        <line num="58" count="5" type="cond" truecount="2" falsecount="0"/>
        <line num="59" count="3" type="stmt"/>
        <line num="61" count="3" type="cond" truecount="2" falsecount="0"/>
        <line num="62" count="1" type="stmt"/>
        <line num="63" count="1" type="stmt"/>
        <line num="65" count="2" type="stmt"/>
        <line num="71" count="5" type="stmt"/>
        <line num="74" count="67" type="stmt"/>
        <line num="83" count="38" type="stmt"/>
      </file>
    </package>
    <package name="src.context">
      <metrics statements="12" coveredstatements="12" conditionals="0" coveredconditionals="0" methods="2" coveredmethods="2"/>
      <file name="ContextRecipes.js" path="/home/gabriela/Documents/Trybe/Projetos/sd-025-a-project-recipes-app/src/context/ContextRecipes.js">
        <metrics statements="1" coveredstatements="1" conditionals="0" coveredconditionals="0" methods="0" coveredmethods="0"/>
        <line num="3" count="15" type="stmt"/>
      </file>
      <file name="ProviderRecipes.js" path="/home/gabriela/Documents/Trybe/Projetos/sd-025-a-project-recipes-app/src/context/ProviderRecipes.js">
        <metrics statements="11" coveredstatements="11" conditionals="0" coveredconditionals="0" methods="2" coveredmethods="2"/>
        <line num="6" count="132" type="stmt"/>
        <line num="7" count="132" type="stmt"/>
        <line num="8" count="132" type="stmt"/>
        <line num="9" count="132" type="stmt"/>
        <line num="10" count="132" type="stmt"/>
        <line num="11" count="132" type="stmt"/>
        <line num="12" count="132" type="stmt"/>
        <line num="13" count="132" type="stmt"/>
        <line num="15" count="132" type="stmt"/>
        <line num="37" count="132" type="stmt"/>
        <line num="42" count="15" type="stmt"/>
      </file>
    </package>
    <package name="src.helpers">
      <metrics statements="2" coveredstatements="2" conditionals="3" coveredconditionals="3" methods="2" coveredmethods="2"/>
      <file name="RenderWithRouter.js" path="/home/gabriela/Documents/Trybe/Projetos/sd-025-a-project-recipes-app/src/helpers/RenderWithRouter.js">
        <metrics statements="2" coveredstatements="2" conditionals="3" coveredconditionals="3" methods="2" coveredmethods="2"/>
        <line num="6" count="38" type="stmt"/>
        <line num="20" count="38" type="stmt"/>
      </file>
    </package>
    <package name="src.pages">
      <metrics statements="131" coveredstatements="131" conditionals="43" coveredconditionals="43" methods="59" coveredmethods="59"/>
      <file name="DoneRecipes.js" path="/home/gabriela/Documents/Trybe/Projetos/sd-025-a-project-recipes-app/src/pages/DoneRecipes.js">
        <metrics statements="26" coveredstatements="26" conditionals="8" coveredconditionals="8" methods="13" coveredmethods="13"/>
        <line num="10" count="15" type="stmt"/>
        <line num="13" count="30" type="stmt"/>
        <line num="14" count="30" type="stmt"/>
        <line num="15" count="30" type="stmt"/>
        <line num="16" count="30" type="stmt"/>
        <line num="17" count="30" type="stmt"/>
        <line num="18" count="13" type="stmt"/>
        <line num="21" count="30" type="stmt"/>
        <line num="22" count="13" type="cond" truecount="2" falsecount="0"/>
        <line num="23" count="13" type="stmt"/>
        <line num="26" count="30" type="stmt"/>
        <line num="27" count="1" type="stmt"/>
        <line num="28" count="1" type="stmt"/>
        <line num="29" count="1" type="stmt"/>
        <line num="32" count="30" type="stmt"/>
        <line num="33" count="3" type="cond" truecount="2" falsecount="0"/>
        <line num="34" count="4" type="stmt"/>
        <line num="35" count="3" type="stmt"/>
        <line num="37" count="30" type="stmt"/>
        <line num="44" count="1" type="stmt"/>
        <line num="51" count="1" type="stmt"/>
        <line num="63" count="1" type="stmt"/>
        <line num="76" count="20" type="stmt"/>
        <line num="83" count="2" type="stmt"/>
        <line num="100" count="1" type="stmt"/>
        <line num="109" count="12" type="stmt"/>
      </file>
      <file name="Drinks.js" path="/home/gabriela/Documents/Trybe/Projetos/sd-025-a-project-recipes-app/src/pages/Drinks.js">
        <metrics statements="22" coveredstatements="22" conditionals="8" coveredconditionals="8" methods="10" coveredmethods="10"/>
        <line num="13" count="35" type="stmt"/>
        <line num="14" count="35" type="stmt"/>
        <line num="15" count="35" type="stmt"/>
        <line num="17" count="35" type="stmt"/>
        <line num="18" count="6" type="cond" truecount="2" falsecount="0"/>
        <line num="19" count="5" type="stmt"/>
        <line num="20" count="5" type="stmt"/>
        <line num="21" count="5" type="stmt"/>
        <line num="22" count="5" type="stmt"/>
        <line num="24" count="1" type="stmt"/>
        <line num="25" count="1" type="stmt"/>
        <line num="26" count="1" type="stmt"/>
        <line num="27" count="1" type="stmt"/>
        <line num="31" count="35" type="stmt"/>
        <line num="32" count="6" type="stmt"/>
        <line num="33" count="6" type="stmt"/>
        <line num="34" count="6" type="stmt"/>
        <line num="35" count="4" type="stmt"/>
        <line num="39" count="35" type="stmt"/>
        <line num="47" count="85" type="stmt"/>
        <line num="61" count="1" type="stmt"/>
        <line num="70" count="81" type="stmt"/>
      </file>
      <file name="FavoriteRecipes.js" path="/home/gabriela/Documents/Trybe/Projetos/sd-025-a-project-recipes-app/src/pages/FavoriteRecipes.js">
        <metrics statements="26" coveredstatements="26" conditionals="6" coveredconditionals="6" methods="12" coveredmethods="12"/>
        <line num="10" count="15" type="stmt"/>
        <line num="13" count="17" type="stmt"/>
        <line num="14" count="17" type="stmt"/>
        <line num="15" count="17" type="stmt"/>
        <line num="18" count="17" type="stmt"/>
        <line num="19" count="6" type="stmt"/>
        <line num="22" count="17" type="stmt"/>
        <line num="23" count="6" type="cond" truecount="2" falsecount="0"/>
        <line num="24" count="6" type="stmt"/>
        <line num="27" count="17" type="stmt"/>
        <line num="28" count="3" type="stmt"/>
        <line num="29" count="6" type="stmt"/>
        <line num="30" count="3" type="stmt"/>
        <line num="33" count="17" type="stmt"/>
        <line num="34" count="1" type="stmt"/>
        <line num="35" count="2" type="stmt"/>
        <line num="36" count="1" type="stmt"/>
        <line num="37" count="1" type="stmt"/>
        <line num="39" count="17" type="stmt"/>
        <line num="47" count="1" type="stmt"/>
        <line num="54" count="1" type="stmt"/>
        <line num="66" count="1" type="stmt"/>
        <line num="78" count="13" type="stmt"/>
        <line num="110" count="1" type="stmt"/>
        <line num="111" count="1" type="stmt"/>
        <line num="112" count="1" type="stmt"/>
      </file>
      <file name="Login.js" path="/home/gabriela/Documents/Trybe/Projetos/sd-025-a-project-recipes-app/src/pages/Login.js">
        <metrics statements="16" coveredstatements="16" conditionals="4" coveredconditionals="4" methods="5" coveredmethods="5"/>
        <line num="6" count="85" type="stmt"/>
        <line num="7" count="85" type="stmt"/>
        <line num="8" count="85" type="stmt"/>
        <line num="9" count="85" type="stmt"/>
        <line num="11" count="85" type="stmt"/>
        <line num="12" count="62" type="stmt"/>
        <line num="13" count="62" type="stmt"/>
        <line num="14" count="62" type="stmt"/>
        <line num="15" count="62" type="stmt"/>
        <line num="16" count="62" type="cond" truecount="4" falsecount="0"/>
        <line num="17" count="1" type="stmt"/>
        <line num="21" count="85" type="stmt"/>
        <line num="28" count="16" type="stmt"/>
        <line num="36" count="7" type="stmt"/>
        <line num="44" count="1" type="stmt"/>
        <line num="45" count="1" type="stmt"/>
      </file>
      <file name="Meals.js" path="/home/gabriela/Documents/Trybe/Projetos/sd-025-a-project-recipes-app/src/pages/Meals.js">
        <metrics statements="21" coveredstatements="21" conditionals="8" coveredconditionals="8" methods="10" coveredmethods="10"/>
        <line num="11" count="38" type="stmt"/>
        <line num="12" count="38" type="stmt"/>
        <line num="16" count="38" type="stmt"/>
        <line num="18" count="38" type="stmt"/>
        <line num="19" count="6" type="cond" truecount="2" falsecount="0"/>
        <line num="20" count="5" type="stmt"/>
        <line num="21" count="5" type="stmt"/>
        <line num="22" count="5" type="stmt"/>
        <line num="23" count="5" type="stmt"/>
        <line num="25" count="1" type="stmt"/>
        <line num="26" count="1" type="stmt"/>
        <line num="27" count="1" type="stmt"/>
        <line num="28" count="1" type="stmt"/>
        <line num="32" count="38" type="stmt"/>
        <line num="33" count="8" type="stmt"/>
        <line num="34" count="8" type="stmt"/>
        <line num="35" count="8" type="stmt"/>
        <line num="38" count="38" type="stmt"/>
        <line num="46" count="80" type="stmt"/>
        <line num="62" count="1" type="stmt"/>
        <line num="71" count="69" type="stmt"/>
      </file>
      <file name="Profile.js" path="/home/gabriela/Documents/Trybe/Projetos/sd-025-a-project-recipes-app/src/pages/Profile.js">
        <metrics statements="11" coveredstatements="11" conditionals="0" coveredconditionals="0" methods="5" coveredmethods="5"/>
        <line num="8" count="8" type="stmt"/>
        <line num="9" count="8" type="stmt"/>
        <line num="10" count="8" type="stmt"/>
        <line num="11" count="4" type="stmt"/>
        <line num="13" count="8" type="stmt"/>
        <line num="15" count="8" type="stmt"/>
        <line num="16" count="1" type="stmt"/>
        <line num="17" count="1" type="stmt"/>
        <line num="20" count="8" type="stmt"/>
        <line num="26" count="1" type="stmt"/>
        <line num="35" count="1" type="stmt"/>
      </file>
      <file name="RecipeInProgress.js" path="/home/gabriela/Documents/Trybe/Projetos/sd-025-a-project-recipes-app/src/pages/RecipeInProgress.js">
        <metrics statements="3" coveredstatements="3" conditionals="4" coveredconditionals="4" methods="1" coveredmethods="1"/>
        <line num="7" count="17" type="stmt"/>
        <line num="8" count="14" type="stmt"/>
        <line num="10" count="14" type="stmt"/>
      </file>
      <file name="Recipes.js" path="/home/gabriela/Documents/Trybe/Projetos/sd-025-a-project-recipes-app/src/pages/Recipes.js">
        <metrics statements="6" coveredstatements="6" conditionals="5" coveredconditionals="5" methods="3" coveredmethods="3"/>
        <line num="5" count="15" type="stmt"/>
        <line num="8" count="58" type="stmt"/>
        <line num="9" count="58" type="stmt"/>
        <line num="11" count="58" type="stmt"/>
        <line num="16" count="60" type="stmt"/>
        <line num="31" count="60" type="stmt"/>
      </file>
    </package>
    <package name="src.service">
      <metrics statements="66" coveredstatements="54" conditionals="0" coveredconditionals="0" methods="15" coveredmethods="12"/>
      <file name="LocalStorage.js" path="/home/gabriela/Documents/Trybe/Projetos/sd-025-a-project-recipes-app/src/service/LocalStorage.js">
        <metrics statements="6" coveredstatements="6" conditionals="0" coveredconditionals="0" methods="3" coveredmethods="3"/>
        <line num="1" count="15" type="stmt"/>
        <line num="2" count="1" type="stmt"/>
        <line num="5" count="15" type="stmt"/>
        <line num="6" count="56" type="stmt"/>
        <line num="9" count="15" type="stmt"/>
        <line num="10" count="4" type="stmt"/>
      </file>
      <file name="RequestAPI.js" path="/home/gabriela/Documents/Trybe/Projetos/sd-025-a-project-recipes-app/src/service/RequestAPI.js">
        <metrics statements="60" coveredstatements="48" conditionals="0" coveredconditionals="0" methods="12" coveredmethods="9"/>
        <line num="1" count="15" type="stmt"/>
        <line num="2" count="2" type="stmt"/>
        <line num="3" count="2" type="stmt"/>
        <line num="4" count="2" type="stmt"/>
        <line num="5" count="2" type="stmt"/>
        <line num="8" count="15" type="stmt"/>
        <line num="9" count="0" type="stmt"/>
        <line num="10" count="0" type="stmt"/>
        <line num="11" count="0" type="stmt"/>
        <line num="12" count="0" type="stmt"/>
        <line num="15" count="15" type="stmt"/>
        <line num="16" count="0" type="stmt"/>
        <line num="17" count="0" type="stmt"/>
        <line num="18" count="0" type="stmt"/>
        <line num="19" count="0" type="stmt"/>
        <line num="22" count="15" type="stmt"/>
        <line num="23" count="1" type="stmt"/>
        <line num="24" count="1" type="stmt"/>
        <line num="25" count="1" type="stmt"/>
        <line num="26" count="1" type="stmt"/>
        <line num="29" count="15" type="stmt"/>
        <line num="30" count="2" type="stmt"/>
        <line num="31" count="2" type="stmt"/>
        <line num="32" count="2" type="stmt"/>
        <line num="33" count="2" type="stmt"/>
        <line num="36" count="15" type="stmt"/>
        <line num="37" count="0" type="stmt"/>
        <line num="38" count="0" type="stmt"/>
        <line num="39" count="0" type="stmt"/>
        <line num="40" count="0" type="stmt"/>
        <line num="43" count="15" type="stmt"/>
        <line num="44" count="6" type="stmt"/>
        <line num="45" count="6" type="stmt"/>
        <line num="46" count="4" type="stmt"/>
        <line num="47" count="4" type="stmt"/>
        <line num="50" count="15" type="stmt"/>
        <line num="51" count="8" type="stmt"/>
        <line num="52" count="8" type="stmt"/>
        <line num="53" count="4" type="stmt"/>
        <line num="54" count="4" type="stmt"/>
        <line num="57" count="15" type="stmt"/>
        <line num="58" count="8" type="stmt"/>
        <line num="59" count="8" type="stmt"/>
        <line num="60" count="4" type="stmt"/>
        <line num="61" count="4" type="stmt"/>
        <line num="64" count="15" type="stmt"/>
        <line num="65" count="6" type="stmt"/>
        <line num="66" count="6" type="stmt"/>
        <line num="67" count="4" type="stmt"/>
        <line num="68" count="4" type="stmt"/>
        <line num="71" count="15" type="stmt"/>
        <line num="72" count="6" type="stmt"/>
        <line num="73" count="6" type="stmt"/>
        <line num="74" count="6" type="stmt"/>
        <line num="75" count="6" type="stmt"/>
        <line num="78" count="15" type="stmt"/>
        <line num="79" count="6" type="stmt"/>
        <line num="80" count="6" type="stmt"/>
        <line num="81" count="6" type="stmt"/>
        <line num="82" count="6" type="stmt"/>
      </file>
    </package>
  </project>
</coverage>
