{"/home/gabriela/Documents/Trybe/Projetos/sd-025-a-project-recipes-app/src/App.js": {"path":"/home/gabriela/Documents/Trybe/Projetos/sd-025-a-project-recipes-app/src/App.js","statementMap":{"0":{"start":{"line":16,"column":2},"end":{"line":47,"column":4}},"1":{"start":{"line":25,"column":30},"end":{"line":25,"column":60}},"2":{"start":{"line":30,"column":30},"end":{"line":30,"column":60}}},"fnMap":{"0":{"name":"App","decl":{"start":{"line":15,"column":9},"end":{"line":15,"column":12}},"loc":{"start":{"line":15,"column":15},"end":{"line":48,"column":1}},"line":15},"1":{"name":"(anonymous_1)","decl":{"start":{"line":25,"column":19},"end":{"line":25,"column":20}},"loc":{"start":{"line":25,"column":30},"end":{"line":25,"column":60}},"line":25},"2":{"name":"(anonymous_2)","decl":{"start":{"line":30,"column":19},"end":{"line":30,"column":20}},"loc":{"start":{"line":30,"column":30},"end":{"line":30,"column":60}},"line":30}},"branchMap":{},"s":{"0":45,"1":4,"2":4},"f":{"0":45,"1":4,"2":4},"b":{},"_coverageSchema":"1a1c01bbd47fc00a2c39e90264f33305004495a9","hash":"81e312e998a5cf9f52de51b46488afa7b55aa952"}
,"/home/gabriela/Documents/Trybe/Projetos/sd-025-a-project-recipes-app/src/components/DrinksInProgress.js": {"path":"/home/gabriela/Documents/Trybe/Projetos/sd-025-a-project-recipes-app/src/components/DrinksInProgress.js","statementMap":{"0":{"start":{"line":11,"column":13},"end":{"line":11,"column":38}},"1":{"start":{"line":14,"column":18},"end":{"line":14,"column":30}},"2":{"start":{"line":15,"column":28},"end":{"line":15,"column":40}},"3":{"start":{"line":16,"column":32},"end":{"line":16,"column":47}},"4":{"start":{"line":17,"column":42},"end":{"line":17,"column":54}},"5":{"start":{"line":18,"column":35},"end":{"line":18,"column":61}},"6":{"start":{"line":19,"column":19},"end":{"line":19,"column":32}},"7":{"start":{"line":20,"column":24},"end":{"line":20,"column":52}},"8":{"start":{"line":21,"column":24},"end":{"line":21,"column":66}},"9":{"start":{"line":22,"column":13},"end":{"line":22,"column":29}},"10":{"start":{"line":24,"column":19},"end":{"line":29,"column":3}},"11":{"start":{"line":25,"column":16},"end":{"line":25,"column":80}},"12":{"start":{"line":26,"column":21},"end":{"line":26,"column":37}},"13":{"start":{"line":27,"column":20},"end":{"line":27,"column":41}},"14":{"start":{"line":28,"column":4},"end":{"line":28,"column":32}},"15":{"start":{"line":31,"column":27},"end":{"line":35,"column":3}},"16":{"start":{"line":32,"column":23},"end":{"line":32,"column":76}},"17":{"start":{"line":33,"column":4},"end":{"line":33,"column":33}},"18":{"start":{"line":34,"column":4},"end":{"line":34,"column":49}},"19":{"start":{"line":37,"column":2},"end":{"line":39,"column":9}},"20":{"start":{"line":38,"column":4},"end":{"line":38,"column":15}},"21":{"start":{"line":41,"column":2},"end":{"line":46,"column":14}},"22":{"start":{"line":42,"column":28},"end":{"line":42,"column":87}},"23":{"start":{"line":43,"column":4},"end":{"line":45,"column":5}},"24":{"start":{"line":43,"column":38},"end":{"line":43,"column":62}},"25":{"start":{"line":44,"column":6},"end":{"line":44,"column":28}},"26":{"start":{"line":48,"column":17},"end":{"line":48,"column":27}},"27":{"start":{"line":50,"column":27},"end":{"line":60,"column":3}},"28":{"start":{"line":62,"column":29},"end":{"line":67,"column":3}},"29":{"start":{"line":63,"column":23},"end":{"line":63,"column":78}},"30":{"start":{"line":64,"column":4},"end":{"line":64,"column":67}},"31":{"start":{"line":65,"column":4},"end":{"line":65,"column":23}},"32":{"start":{"line":66,"column":4},"end":{"line":66,"column":34}},"33":{"start":{"line":69,"column":22},"end":{"line":77,"column":3}},"34":{"start":{"line":70,"column":4},"end":{"line":75,"column":5}},"35":{"start":{"line":71,"column":6},"end":{"line":71,"column":23}},"36":{"start":{"line":72,"column":18},"end":{"line":72,"column":57}},"37":{"start":{"line":73,"column":27},"end":{"line":73,"column":42}},"38":{"start":{"line":74,"column":6},"end":{"line":74,"column":26}},"39":{"start":{"line":76,"column":4},"end":{"line":76,"column":22}},"40":{"start":{"line":79,"column":22},"end":{"line":86,"column":32}},"41":{"start":{"line":88,"column":25},"end":{"line":98,"column":3}},"42":{"start":{"line":89,"column":21},"end":{"line":89,"column":80}},"43":{"start":{"line":90,"column":4},"end":{"line":97,"column":5}},"44":{"start":{"line":90,"column":32},"end":{"line":90,"column":56}},"45":{"start":{"line":91,"column":6},"end":{"line":91,"column":90}},"46":{"start":{"line":92,"column":6},"end":{"line":92,"column":28}},"47":{"start":{"line":94,"column":29},"end":{"line":94,"column":79}},"48":{"start":{"line":94,"column":54},"end":{"line":94,"column":78}},"49":{"start":{"line":95,"column":6},"end":{"line":95,"column":78}},"50":{"start":{"line":96,"column":6},"end":{"line":96,"column":29}},"51":{"start":{"line":99,"column":2},"end":{"line":147,"column":4}}},"fnMap":{"0":{"name":"DrinksInProgress","decl":{"start":{"line":13,"column":24},"end":{"line":13,"column":40}},"loc":{"start":{"line":13,"column":43},"end":{"line":148,"column":1}},"line":13},"1":{"name":"(anonymous_1)","decl":{"start":{"line":24,"column":19},"end":{"line":24,"column":20}},"loc":{"start":{"line":24,"column":31},"end":{"line":29,"column":3}},"line":24},"2":{"name":"(anonymous_2)","decl":{"start":{"line":31,"column":27},"end":{"line":31,"column":28}},"loc":{"start":{"line":31,"column":33},"end":{"line":35,"column":3}},"line":31},"3":{"name":"(anonymous_3)","decl":{"start":{"line":37,"column":12},"end":{"line":37,"column":13}},"loc":{"start":{"line":37,"column":18},"end":{"line":39,"column":3}},"line":37},"4":{"name":"(anonymous_4)","decl":{"start":{"line":41,"column":12},"end":{"line":41,"column":13}},"loc":{"start":{"line":41,"column":18},"end":{"line":46,"column":3}},"line":41},"5":{"name":"(anonymous_5)","decl":{"start":{"line":43,"column":29},"end":{"line":43,"column":30}},"loc":{"start":{"line":43,"column":38},"end":{"line":43,"column":62}},"line":43},"6":{"name":"(anonymous_6)","decl":{"start":{"line":62,"column":29},"end":{"line":62,"column":30}},"loc":{"start":{"line":62,"column":35},"end":{"line":67,"column":3}},"line":62},"7":{"name":"(anonymous_7)","decl":{"start":{"line":69,"column":22},"end":{"line":69,"column":23}},"loc":{"start":{"line":69,"column":34},"end":{"line":77,"column":3}},"line":69},"8":{"name":"(anonymous_8)","decl":{"start":{"line":88,"column":25},"end":{"line":88,"column":26}},"loc":{"start":{"line":88,"column":31},"end":{"line":98,"column":3}},"line":88},"9":{"name":"(anonymous_9)","decl":{"start":{"line":90,"column":23},"end":{"line":90,"column":24}},"loc":{"start":{"line":90,"column":32},"end":{"line":90,"column":56}},"line":90},"10":{"name":"(anonymous_10)","decl":{"start":{"line":94,"column":45},"end":{"line":94,"column":46}},"loc":{"start":{"line":94,"column":54},"end":{"line":94,"column":78}},"line":94}},"branchMap":{"0":{"loc":{"start":{"line":42,"column":39},"end":{"line":42,"column":86}},"type":"binary-expr","locations":[{"start":{"line":42,"column":39},"end":{"line":42,"column":78}},{"start":{"line":42,"column":82},"end":{"line":42,"column":86}}],"line":42},"1":{"loc":{"start":{"line":43,"column":4},"end":{"line":45,"column":5}},"type":"if","locations":[{"start":{"line":43,"column":4},"end":{"line":45,"column":5}},{"start":{},"end":{}}],"line":43},"2":{"loc":{"start":{"line":59,"column":11},"end":{"line":59,"column":84}},"type":"cond-expr","locations":[{"start":{"line":59,"column":55},"end":{"line":59,"column":79}},{"start":{"line":59,"column":82},"end":{"line":59,"column":84}}],"line":59},"3":{"loc":{"start":{"line":59,"column":12},"end":{"line":59,"column":51}},"type":"binary-expr","locations":[{"start":{"line":59,"column":12},"end":{"line":59,"column":34}},{"start":{"line":59,"column":38},"end":{"line":59,"column":51}}],"line":59},"4":{"loc":{"start":{"line":63,"column":34},"end":{"line":63,"column":77}},"type":"binary-expr","locations":[{"start":{"line":63,"column":34},"end":{"line":63,"column":69}},{"start":{"line":63,"column":73},"end":{"line":63,"column":77}}],"line":63},"5":{"loc":{"start":{"line":70,"column":4},"end":{"line":75,"column":5}},"type":"if","locations":[{"start":{"line":70,"column":4},"end":{"line":75,"column":5}},{"start":{},"end":{}}],"line":70},"6":{"loc":{"start":{"line":89,"column":32},"end":{"line":89,"column":79}},"type":"binary-expr","locations":[{"start":{"line":89,"column":32},"end":{"line":89,"column":71}},{"start":{"line":89,"column":75},"end":{"line":89,"column":79}}],"line":89},"7":{"loc":{"start":{"line":90,"column":4},"end":{"line":97,"column":5}},"type":"if","locations":[{"start":{"line":90,"column":4},"end":{"line":97,"column":5}},{"start":{"line":93,"column":11},"end":{"line":97,"column":5}}],"line":90},"8":{"loc":{"start":{"line":116,"column":9},"end":{"line":116,"column":39}},"type":"binary-expr","locations":[{"start":{"line":116,"column":9},"end":{"line":116,"column":16}},{"start":{"line":116,"column":20},"end":{"line":116,"column":39}}],"line":116},"9":{"loc":{"start":{"line":124,"column":19},"end":{"line":125,"column":47}},"type":"cond-expr","locations":[{"start":{"line":125,"column":16},"end":{"line":125,"column":30}},{"start":{"line":125,"column":33},"end":{"line":125,"column":47}}],"line":124}},"s":{"0":15,"1":22,"2":21,"3":21,"4":21,"5":21,"6":21,"7":21,"8":21,"9":21,"10":21,"11":7,"12":7,"13":4,"14":4,"15":21,"16":2,"17":2,"18":2,"19":21,"20":7,"21":21,"22":11,"23":11,"24":1,"25":1,"26":21,"27":21,"28":21,"29":2,"30":2,"31":2,"32":2,"33":21,"34":2,"35":1,"36":1,"37":1,"38":1,"39":1,"40":21,"41":21,"42":3,"43":3,"44":1,"45":2,"46":2,"47":1,"48":1,"49":1,"50":1,"51":21},"f":{"0":22,"1":7,"2":2,"3":7,"4":11,"5":1,"6":2,"7":2,"8":3,"9":1,"10":1},"b":{"0":[11,9],"1":[1,10],"2":[6,15],"3":[21,17],"4":[2,2],"5":[1,1],"6":[3,2],"7":[2,1],"8":[21,1],"9":[3,18]},"_coverageSchema":"1a1c01bbd47fc00a2c39e90264f33305004495a9","hash":"5a8a155c7ed804be96482349ebfcff077564a8ad"}
,"/home/gabriela/Documents/Trybe/Projetos/sd-025-a-project-recipes-app/src/components/Footer.js": {"path":"/home/gabriela/Documents/Trybe/Projetos/sd-025-a-project-recipes-app/src/components/Footer.js","statementMap":{"0":{"start":{"line":7,"column":18},"end":{"line":7,"column":30}},"1":{"start":{"line":8,"column":2},"end":{"line":35,"column":4}},"2":{"start":{"line":13,"column":10},"end":{"line":13,"column":35}},"3":{"start":{"line":25,"column":10},"end":{"line":25,"column":34}}},"fnMap":{"0":{"name":"Footer","decl":{"start":{"line":6,"column":24},"end":{"line":6,"column":30}},"loc":{"start":{"line":6,"column":33},"end":{"line":36,"column":1}},"line":6},"1":{"name":"(anonymous_1)","decl":{"start":{"line":12,"column":18},"end":{"line":12,"column":19}},"loc":{"start":{"line":12,"column":24},"end":{"line":14,"column":9}},"line":12},"2":{"name":"(anonymous_2)","decl":{"start":{"line":24,"column":18},"end":{"line":24,"column":19}},"loc":{"start":{"line":24,"column":24},"end":{"line":26,"column":9}},"line":24}},"branchMap":{},"s":{"0":111,"1":111,"2":1,"3":1},"f":{"0":111,"1":1,"2":1},"b":{},"_coverageSchema":"1a1c01bbd47fc00a2c39e90264f33305004495a9","hash":"b11483aabd2bd78256071a114cf509fec5914148"}
,"/home/gabriela/Documents/Trybe/Projetos/sd-025-a-project-recipes-app/src/components/Header.js": {"path":"/home/gabriela/Documents/Trybe/Projetos/sd-025-a-project-recipes-app/src/components/Header.js","statementMap":{"0":{"start":{"line":11,"column":6},"end":{"line":11,"column":32}},"1":{"start":{"line":12,"column":18},"end":{"line":12,"column":30}},"2":{"start":{"line":14,"column":2},"end":{"line":53,"column":4}},"3":{"start":{"line":23,"column":10},"end":{"line":23,"column":36}},"4":{"start":{"line":41,"column":16},"end":{"line":41,"column":35}}},"fnMap":{"0":{"name":"Header","decl":{"start":{"line":8,"column":24},"end":{"line":8,"column":30}},"loc":{"start":{"line":8,"column":33},"end":{"line":54,"column":1}},"line":8},"1":{"name":"(anonymous_1)","decl":{"start":{"line":22,"column":18},"end":{"line":22,"column":19}},"loc":{"start":{"line":22,"column":24},"end":{"line":24,"column":9}},"line":22},"2":{"name":"(anonymous_2)","decl":{"start":{"line":40,"column":24},"end":{"line":40,"column":25}},"loc":{"start":{"line":40,"column":30},"end":{"line":42,"column":15}},"line":40}},"branchMap":{"0":{"loc":{"start":{"line":17,"column":7},"end":{"line":19,"column":14}},"type":"cond-expr","locations":[{"start":{"line":18,"column":10},"end":{"line":18,"column":23}},{"start":{"line":19,"column":10},"end":{"line":19,"column":14}}],"line":17},"1":{"loc":{"start":{"line":33,"column":8},"end":{"line":50,"column":11}},"type":"cond-expr","locations":[{"start":{"line":36,"column":12},"end":{"line":36,"column":16}},{"start":{"line":38,"column":12},"end":{"line":49,"column":21}}],"line":33},"2":{"loc":{"start":{"line":33,"column":9},"end":{"line":35,"column":28}},"type":"binary-expr","locations":[{"start":{"line":33,"column":9},"end":{"line":33,"column":33}},{"start":{"line":34,"column":9},"end":{"line":34,"column":37}},{"start":{"line":35,"column":9},"end":{"line":35,"column":28}}],"line":33}},"s":{"0":128,"1":128,"2":128,"3":1,"4":5},"f":{"0":128,"1":1,"2":5},"b":{"0":[23,105],"1":[36,92],"2":[128,110,99]},"_coverageSchema":"1a1c01bbd47fc00a2c39e90264f33305004495a9","hash":"46b6cf278b91c712a297f996ec232add7215f11b"}
,"/home/gabriela/Documents/Trybe/Projetos/sd-025-a-project-recipes-app/src/components/IngredientsProgress.js": {"path":"/home/gabriela/Documents/Trybe/Projetos/sd-025-a-project-recipes-app/src/components/IngredientsProgress.js","statementMap":{"0":{"start":{"line":9,"column":25},"end":{"line":9,"column":30}},"1":{"start":{"line":10,"column":18},"end":{"line":10,"column":30}},"2":{"start":{"line":11,"column":37},"end":{"line":11,"column":44}},"3":{"start":{"line":12,"column":13},"end":{"line":12,"column":52}},"4":{"start":{"line":14,"column":24},"end":{"line":14,"column":61}},"5":{"start":{"line":15,"column":38},"end":{"line":15,"column":50}},"6":{"start":{"line":16,"column":32},"end":{"line":16,"column":47}},"7":{"start":{"line":17,"column":38},"end":{"line":17,"column":64}},"8":{"start":{"line":19,"column":20},"end":{"line":32,"column":3}},"9":{"start":{"line":20,"column":26},"end":{"line":20,"column":28}},"10":{"start":{"line":21,"column":4},"end":{"line":25,"column":5}},"11":{"start":{"line":22,"column":6},"end":{"line":24,"column":9}},"12":{"start":{"line":23,"column":8},"end":{"line":23,"column":33}},"13":{"start":{"line":26,"column":4},"end":{"line":30,"column":5}},"14":{"start":{"line":27,"column":6},"end":{"line":29,"column":9}},"15":{"start":{"line":28,"column":8},"end":{"line":28,"column":33}},"16":{"start":{"line":31,"column":4},"end":{"line":31,"column":33}},"17":{"start":{"line":34,"column":2},"end":{"line":46,"column":12}},"18":{"start":{"line":36,"column":4},"end":{"line":36,"column":66}},"19":{"start":{"line":37,"column":4},"end":{"line":37,"column":41}},"20":{"start":{"line":38,"column":4},"end":{"line":43,"column":5}},"21":{"start":{"line":39,"column":6},"end":{"line":39,"column":20}},"22":{"start":{"line":40,"column":6},"end":{"line":40,"column":23}},"23":{"start":{"line":42,"column":6},"end":{"line":42,"column":18}},"24":{"start":{"line":44,"column":4},"end":{"line":44,"column":21}},"25":{"start":{"line":45,"column":4},"end":{"line":45,"column":44}},"26":{"start":{"line":49,"column":20},"end":{"line":49,"column":46}},"27":{"start":{"line":50,"column":21},"end":{"line":51,"column":38}},"28":{"start":{"line":50,"column":54},"end":{"line":51,"column":37}},"29":{"start":{"line":52,"column":24},"end":{"line":52,"column":51}},"30":{"start":{"line":52,"column":45},"end":{"line":52,"column":50}},"31":{"start":{"line":53,"column":4},"end":{"line":53,"column":23}},"32":{"start":{"line":56,"column":26},"end":{"line":56,"column":57}},"33":{"start":{"line":57,"column":30},"end":{"line":57,"column":58}},"34":{"start":{"line":59,"column":22},"end":{"line":65,"column":3}},"35":{"start":{"line":60,"column":21},"end":{"line":60,"column":23}},"36":{"start":{"line":61,"column":4},"end":{"line":63,"column":5}},"37":{"start":{"line":61,"column":21},"end":{"line":61,"column":22}},"38":{"start":{"line":62,"column":6},"end":{"line":62,"column":79}},"39":{"start":{"line":64,"column":4},"end":{"line":64,"column":20}},"40":{"start":{"line":67,"column":25},"end":{"line":84,"column":3}},"41":{"start":{"line":68,"column":4},"end":{"line":70,"column":5}},"42":{"start":{"line":69,"column":6},"end":{"line":69,"column":55}},"43":{"start":{"line":71,"column":4},"end":{"line":83,"column":5}},"44":{"start":{"line":72,"column":6},"end":{"line":72,"column":42}},"45":{"start":{"line":73,"column":6},"end":{"line":77,"column":7}},"46":{"start":{"line":74,"column":8},"end":{"line":76,"column":32}},"47":{"start":{"line":75,"column":57},"end":{"line":75,"column":78}},"48":{"start":{"line":78,"column":6},"end":{"line":82,"column":7}},"49":{"start":{"line":79,"column":8},"end":{"line":81,"column":89}},"50":{"start":{"line":81,"column":60},"end":{"line":81,"column":82}},"51":{"start":{"line":86,"column":36},"end":{"line":92,"column":3}},"52":{"start":{"line":87,"column":4},"end":{"line":91,"column":5}},"53":{"start":{"line":88,"column":6},"end":{"line":88,"column":37}},"54":{"start":{"line":90,"column":6},"end":{"line":90,"column":36}},"55":{"start":{"line":94,"column":30},"end":{"line":115,"column":3}},"56":{"start":{"line":95,"column":21},"end":{"line":95,"column":27}},"57":{"start":{"line":96,"column":4},"end":{"line":105,"column":5}},"58":{"start":{"line":97,"column":6},"end":{"line":104,"column":7}},"59":{"start":{"line":98,"column":8},"end":{"line":98,"column":65}},"60":{"start":{"line":100,"column":8},"end":{"line":101,"column":32}},"61":{"start":{"line":102,"column":8},"end":{"line":102,"column":42}},"62":{"start":{"line":103,"column":8},"end":{"line":103,"column":36}},"63":{"start":{"line":105,"column":6},"end":{"line":114,"column":5}},"64":{"start":{"line":106,"column":6},"end":{"line":111,"column":7}},"65":{"start":{"line":107,"column":8},"end":{"line":107,"column":64}},"66":{"start":{"line":109,"column":8},"end":{"line":110,"column":58}},"67":{"start":{"line":112,"column":6},"end":{"line":112,"column":40}},"68":{"start":{"line":113,"column":6},"end":{"line":113,"column":34}},"69":{"start":{"line":117,"column":2},"end":{"line":141,"column":4}},"70":{"start":{"line":120,"column":8},"end":{"line":138,"column":16}},"71":{"start":{"line":144,"column":0},"end":{"line":147,"column":2}}},"fnMap":{"0":{"name":"IngredientProgress","decl":{"start":{"line":8,"column":24},"end":{"line":8,"column":42}},"loc":{"start":{"line":8,"column":50},"end":{"line":142,"column":1}},"line":8},"1":{"name":"(anonymous_1)","decl":{"start":{"line":19,"column":20},"end":{"line":19,"column":21}},"loc":{"start":{"line":19,"column":31},"end":{"line":32,"column":3}},"line":19},"2":{"name":"(anonymous_2)","decl":{"start":{"line":22,"column":31},"end":{"line":22,"column":32}},"loc":{"start":{"line":22,"column":39},"end":{"line":24,"column":7}},"line":22},"3":{"name":"(anonymous_3)","decl":{"start":{"line":27,"column":32},"end":{"line":27,"column":33}},"loc":{"start":{"line":27,"column":40},"end":{"line":29,"column":7}},"line":27},"4":{"name":"(anonymous_4)","decl":{"start":{"line":34,"column":12},"end":{"line":34,"column":13}},"loc":{"start":{"line":34,"column":18},"end":{"line":46,"column":3}},"line":34},"5":{"name":"renderIngredients","decl":{"start":{"line":48,"column":11},"end":{"line":48,"column":28}},"loc":{"start":{"line":48,"column":37},"end":{"line":54,"column":3}},"line":48},"6":{"name":"(anonymous_6)","decl":{"start":{"line":50,"column":36},"end":{"line":50,"column":37}},"loc":{"start":{"line":50,"column":54},"end":{"line":51,"column":37}},"line":50},"7":{"name":"(anonymous_7)","decl":{"start":{"line":52,"column":37},"end":{"line":52,"column":38}},"loc":{"start":{"line":52,"column":45},"end":{"line":52,"column":50}},"line":52},"8":{"name":"(anonymous_8)","decl":{"start":{"line":59,"column":22},"end":{"line":59,"column":23}},"loc":{"start":{"line":59,"column":28},"end":{"line":65,"column":3}},"line":59},"9":{"name":"(anonymous_9)","decl":{"start":{"line":67,"column":25},"end":{"line":67,"column":26}},"loc":{"start":{"line":67,"column":41},"end":{"line":84,"column":3}},"line":67},"10":{"name":"(anonymous_10)","decl":{"start":{"line":75,"column":47},"end":{"line":75,"column":48}},"loc":{"start":{"line":75,"column":57},"end":{"line":75,"column":78}},"line":75},"11":{"name":"(anonymous_11)","decl":{"start":{"line":81,"column":49},"end":{"line":81,"column":50}},"loc":{"start":{"line":81,"column":60},"end":{"line":81,"column":82}},"line":81},"12":{"name":"(anonymous_12)","decl":{"start":{"line":86,"column":36},"end":{"line":86,"column":37}},"loc":{"start":{"line":86,"column":42},"end":{"line":92,"column":3}},"line":86},"13":{"name":"(anonymous_13)","decl":{"start":{"line":94,"column":30},"end":{"line":94,"column":31}},"loc":{"start":{"line":94,"column":46},"end":{"line":115,"column":3}},"line":94},"14":{"name":"(anonymous_14)","decl":{"start":{"line":119,"column":25},"end":{"line":119,"column":26}},"loc":{"start":{"line":120,"column":8},"end":{"line":138,"column":16}},"line":120}},"branchMap":{"0":{"loc":{"start":{"line":21,"column":4},"end":{"line":25,"column":5}},"type":"if","locations":[{"start":{"line":21,"column":4},"end":{"line":25,"column":5}},{"start":{},"end":{}}],"line":21},"1":{"loc":{"start":{"line":26,"column":4},"end":{"line":30,"column":5}},"type":"if","locations":[{"start":{"line":26,"column":4},"end":{"line":30,"column":5}},{"start":{},"end":{}}],"line":26},"2":{"loc":{"start":{"line":37,"column":12},"end":{"line":37,"column":40}},"type":"cond-expr","locations":[{"start":{"line":37,"column":29},"end":{"line":37,"column":32}},{"start":{"line":37,"column":35},"end":{"line":37,"column":40}}],"line":37},"3":{"loc":{"start":{"line":38,"column":4},"end":{"line":43,"column":5}},"type":"if","locations":[{"start":{"line":38,"column":4},"end":{"line":43,"column":5}},{"start":{"line":41,"column":11},"end":{"line":43,"column":5}}],"line":38},"4":{"loc":{"start":{"line":50,"column":54},"end":{"line":51,"column":37}},"type":"binary-expr","locations":[{"start":{"line":50,"column":54},"end":{"line":50,"column":74}},{"start":{"line":51,"column":7},"end":{"line":51,"column":21}},{"start":{"line":51,"column":25},"end":{"line":51,"column":37}}],"line":50},"5":{"loc":{"start":{"line":68,"column":4},"end":{"line":70,"column":5}},"type":"if","locations":[{"start":{"line":68,"column":4},"end":{"line":70,"column":5}},{"start":{},"end":{}}],"line":68},"6":{"loc":{"start":{"line":71,"column":4},"end":{"line":83,"column":5}},"type":"if","locations":[{"start":{"line":71,"column":4},"end":{"line":83,"column":5}},{"start":{},"end":{}}],"line":71},"7":{"loc":{"start":{"line":73,"column":6},"end":{"line":77,"column":7}},"type":"if","locations":[{"start":{"line":73,"column":6},"end":{"line":77,"column":7}},{"start":{},"end":{}}],"line":73},"8":{"loc":{"start":{"line":78,"column":6},"end":{"line":82,"column":7}},"type":"if","locations":[{"start":{"line":78,"column":6},"end":{"line":82,"column":7}},{"start":{},"end":{}}],"line":78},"9":{"loc":{"start":{"line":87,"column":4},"end":{"line":91,"column":5}},"type":"if","locations":[{"start":{"line":87,"column":4},"end":{"line":91,"column":5}},{"start":{"line":89,"column":11},"end":{"line":91,"column":5}}],"line":87},"10":{"loc":{"start":{"line":96,"column":4},"end":{"line":105,"column":5}},"type":"if","locations":[{"start":{"line":96,"column":4},"end":{"line":105,"column":5}},{"start":{},"end":{}}],"line":96},"11":{"loc":{"start":{"line":97,"column":6},"end":{"line":104,"column":7}},"type":"if","locations":[{"start":{"line":97,"column":6},"end":{"line":104,"column":7}},{"start":{"line":99,"column":13},"end":{"line":104,"column":7}}],"line":97},"12":{"loc":{"start":{"line":105,"column":6},"end":{"line":114,"column":5}},"type":"if","locations":[{"start":{"line":105,"column":6},"end":{"line":114,"column":5}},{"start":{},"end":{}}],"line":105},"13":{"loc":{"start":{"line":106,"column":6},"end":{"line":111,"column":7}},"type":"if","locations":[{"start":{"line":106,"column":6},"end":{"line":111,"column":7}},{"start":{"line":108,"column":13},"end":{"line":111,"column":7}}],"line":106},"14":{"loc":{"start":{"line":124,"column":22},"end":{"line":124,"column":62}},"type":"cond-expr","locations":[{"start":{"line":124,"column":42},"end":{"line":124,"column":57}},{"start":{"line":124,"column":60},"end":{"line":124,"column":62}}],"line":124}},"s":{"0":119,"1":116,"2":116,"3":116,"4":116,"5":116,"6":116,"7":116,"8":116,"9":52,"10":52,"11":31,"12":90,"13":52,"14":21,"15":21,"16":52,"17":116,"18":52,"19":52,"20":52,"21":14,"22":14,"23":38,"24":52,"25":52,"26":232,"27":232,"28":8156,"29":232,"30":1215,"31":232,"32":116,"33":116,"34":116,"35":145,"36":145,"37":145,"38":688,"39":145,"40":116,"41":33,"42":31,"43":33,"44":2,"45":2,"46":1,"47":3,"48":2,"49":1,"50":3,"51":116,"52":29,"53":5,"54":24,"55":116,"56":33,"57":33,"58":22,"59":4,"60":18,"61":18,"62":18,"63":33,"64":11,"65":4,"66":7,"67":11,"68":11,"69":116,"70":503,"71":15},"f":{"0":119,"1":52,"2":90,"3":21,"4":52,"5":232,"6":8156,"7":1215,"8":145,"9":33,"10":3,"11":3,"12":29,"13":33,"14":503},"b":{"0":[31,21],"1":[21,31],"2":[9,43],"3":[14,38],"4":[8156,2840,1894],"5":[31,2],"6":[2,31],"7":[1,1],"8":[1,1],"9":[5,24],"10":[22,11],"11":[4,18],"12":[11,22],"13":[4,7],"14":[133,370]},"_coverageSchema":"1a1c01bbd47fc00a2c39e90264f33305004495a9","hash":"4b0167bc059f2a51f351830a327ac099e5087c39"}
,"/home/gabriela/Documents/Trybe/Projetos/sd-025-a-project-recipes-app/src/components/MealsInProgress.js": {"path":"/home/gabriela/Documents/Trybe/Projetos/sd-025-a-project-recipes-app/src/components/MealsInProgress.js","statementMap":{"0":{"start":{"line":11,"column":13},"end":{"line":11,"column":38}},"1":{"start":{"line":14,"column":18},"end":{"line":14,"column":30}},"2":{"start":{"line":15,"column":26},"end":{"line":15,"column":38}},"3":{"start":{"line":16,"column":32},"end":{"line":16,"column":47}},"4":{"start":{"line":17,"column":42},"end":{"line":17,"column":54}},"5":{"start":{"line":18,"column":35},"end":{"line":18,"column":61}},"6":{"start":{"line":19,"column":19},"end":{"line":19,"column":32}},"7":{"start":{"line":20,"column":24},"end":{"line":20,"column":52}},"8":{"start":{"line":21,"column":13},"end":{"line":21,"column":29}},"9":{"start":{"line":22,"column":24},"end":{"line":22,"column":66}},"10":{"start":{"line":24,"column":19},"end":{"line":29,"column":3}},"11":{"start":{"line":25,"column":16},"end":{"line":25,"column":76}},"12":{"start":{"line":26,"column":21},"end":{"line":26,"column":37}},"13":{"start":{"line":27,"column":20},"end":{"line":27,"column":41}},"14":{"start":{"line":28,"column":4},"end":{"line":28,"column":30}},"15":{"start":{"line":31,"column":27},"end":{"line":35,"column":3}},"16":{"start":{"line":32,"column":23},"end":{"line":32,"column":76}},"17":{"start":{"line":33,"column":4},"end":{"line":33,"column":32}},"18":{"start":{"line":34,"column":4},"end":{"line":34,"column":49}},"19":{"start":{"line":37,"column":2},"end":{"line":39,"column":9}},"20":{"start":{"line":38,"column":4},"end":{"line":38,"column":15}},"21":{"start":{"line":41,"column":2},"end":{"line":46,"column":13}},"22":{"start":{"line":42,"column":28},"end":{"line":42,"column":87}},"23":{"start":{"line":43,"column":4},"end":{"line":45,"column":5}},"24":{"start":{"line":43,"column":38},"end":{"line":43,"column":60}},"25":{"start":{"line":44,"column":6},"end":{"line":44,"column":28}},"26":{"start":{"line":48,"column":17},"end":{"line":48,"column":27}},"27":{"start":{"line":50,"column":27},"end":{"line":60,"column":3}},"28":{"start":{"line":62,"column":29},"end":{"line":67,"column":3}},"29":{"start":{"line":63,"column":23},"end":{"line":63,"column":78}},"30":{"start":{"line":64,"column":4},"end":{"line":64,"column":67}},"31":{"start":{"line":65,"column":4},"end":{"line":65,"column":23}},"32":{"start":{"line":66,"column":4},"end":{"line":66,"column":34}},"33":{"start":{"line":69,"column":22},"end":{"line":77,"column":3}},"34":{"start":{"line":70,"column":4},"end":{"line":75,"column":5}},"35":{"start":{"line":71,"column":6},"end":{"line":71,"column":23}},"36":{"start":{"line":72,"column":18},"end":{"line":72,"column":57}},"37":{"start":{"line":73,"column":27},"end":{"line":73,"column":42}},"38":{"start":{"line":74,"column":6},"end":{"line":74,"column":26}},"39":{"start":{"line":76,"column":4},"end":{"line":76,"column":22}},"40":{"start":{"line":79,"column":22},"end":{"line":86,"column":30}},"41":{"start":{"line":88,"column":25},"end":{"line":98,"column":3}},"42":{"start":{"line":89,"column":21},"end":{"line":89,"column":80}},"43":{"start":{"line":90,"column":4},"end":{"line":97,"column":5}},"44":{"start":{"line":90,"column":32},"end":{"line":90,"column":54}},"45":{"start":{"line":91,"column":6},"end":{"line":91,"column":90}},"46":{"start":{"line":92,"column":6},"end":{"line":92,"column":28}},"47":{"start":{"line":94,"column":29},"end":{"line":94,"column":77}},"48":{"start":{"line":94,"column":54},"end":{"line":94,"column":76}},"49":{"start":{"line":95,"column":6},"end":{"line":95,"column":78}},"50":{"start":{"line":96,"column":6},"end":{"line":96,"column":29}},"51":{"start":{"line":100,"column":2},"end":{"line":146,"column":4}}},"fnMap":{"0":{"name":"MealsInProgress","decl":{"start":{"line":13,"column":24},"end":{"line":13,"column":39}},"loc":{"start":{"line":13,"column":42},"end":{"line":147,"column":1}},"line":13},"1":{"name":"(anonymous_1)","decl":{"start":{"line":24,"column":19},"end":{"line":24,"column":20}},"loc":{"start":{"line":24,"column":31},"end":{"line":29,"column":3}},"line":24},"2":{"name":"(anonymous_2)","decl":{"start":{"line":31,"column":27},"end":{"line":31,"column":28}},"loc":{"start":{"line":31,"column":33},"end":{"line":35,"column":3}},"line":31},"3":{"name":"(anonymous_3)","decl":{"start":{"line":37,"column":12},"end":{"line":37,"column":13}},"loc":{"start":{"line":37,"column":18},"end":{"line":39,"column":3}},"line":37},"4":{"name":"(anonymous_4)","decl":{"start":{"line":41,"column":12},"end":{"line":41,"column":13}},"loc":{"start":{"line":41,"column":18},"end":{"line":46,"column":3}},"line":41},"5":{"name":"(anonymous_5)","decl":{"start":{"line":43,"column":29},"end":{"line":43,"column":30}},"loc":{"start":{"line":43,"column":38},"end":{"line":43,"column":60}},"line":43},"6":{"name":"(anonymous_6)","decl":{"start":{"line":62,"column":29},"end":{"line":62,"column":30}},"loc":{"start":{"line":62,"column":35},"end":{"line":67,"column":3}},"line":62},"7":{"name":"(anonymous_7)","decl":{"start":{"line":69,"column":22},"end":{"line":69,"column":23}},"loc":{"start":{"line":69,"column":34},"end":{"line":77,"column":3}},"line":69},"8":{"name":"(anonymous_8)","decl":{"start":{"line":88,"column":25},"end":{"line":88,"column":26}},"loc":{"start":{"line":88,"column":31},"end":{"line":98,"column":3}},"line":88},"9":{"name":"(anonymous_9)","decl":{"start":{"line":90,"column":23},"end":{"line":90,"column":24}},"loc":{"start":{"line":90,"column":32},"end":{"line":90,"column":54}},"line":90},"10":{"name":"(anonymous_10)","decl":{"start":{"line":94,"column":45},"end":{"line":94,"column":46}},"loc":{"start":{"line":94,"column":54},"end":{"line":94,"column":76}},"line":94}},"branchMap":{"0":{"loc":{"start":{"line":42,"column":39},"end":{"line":42,"column":86}},"type":"binary-expr","locations":[{"start":{"line":42,"column":39},"end":{"line":42,"column":78}},{"start":{"line":42,"column":82},"end":{"line":42,"column":86}}],"line":42},"1":{"loc":{"start":{"line":43,"column":4},"end":{"line":45,"column":5}},"type":"if","locations":[{"start":{"line":43,"column":4},"end":{"line":45,"column":5}},{"start":{},"end":{}}],"line":43},"2":{"loc":{"start":{"line":59,"column":11},"end":{"line":59,"column":81}},"type":"cond-expr","locations":[{"start":{"line":59,"column":53},"end":{"line":59,"column":76}},{"start":{"line":59,"column":79},"end":{"line":59,"column":81}}],"line":59},"3":{"loc":{"start":{"line":59,"column":12},"end":{"line":59,"column":49}},"type":"binary-expr","locations":[{"start":{"line":59,"column":12},"end":{"line":59,"column":33}},{"start":{"line":59,"column":37},"end":{"line":59,"column":49}}],"line":59},"4":{"loc":{"start":{"line":63,"column":34},"end":{"line":63,"column":77}},"type":"binary-expr","locations":[{"start":{"line":63,"column":34},"end":{"line":63,"column":69}},{"start":{"line":63,"column":73},"end":{"line":63,"column":77}}],"line":63},"5":{"loc":{"start":{"line":70,"column":4},"end":{"line":75,"column":5}},"type":"if","locations":[{"start":{"line":70,"column":4},"end":{"line":75,"column":5}},{"start":{},"end":{}}],"line":70},"6":{"loc":{"start":{"line":89,"column":32},"end":{"line":89,"column":79}},"type":"binary-expr","locations":[{"start":{"line":89,"column":32},"end":{"line":89,"column":71}},{"start":{"line":89,"column":75},"end":{"line":89,"column":79}}],"line":89},"7":{"loc":{"start":{"line":90,"column":4},"end":{"line":97,"column":5}},"type":"if","locations":[{"start":{"line":90,"column":4},"end":{"line":97,"column":5}},{"start":{"line":93,"column":11},"end":{"line":97,"column":5}}],"line":90},"8":{"loc":{"start":{"line":118,"column":9},"end":{"line":118,"column":39}},"type":"binary-expr","locations":[{"start":{"line":118,"column":9},"end":{"line":118,"column":16}},{"start":{"line":118,"column":20},"end":{"line":118,"column":39}}],"line":118},"9":{"loc":{"start":{"line":126,"column":19},"end":{"line":127,"column":47}},"type":"cond-expr","locations":[{"start":{"line":127,"column":16},"end":{"line":127,"column":30}},{"start":{"line":127,"column":33},"end":{"line":127,"column":47}}],"line":126}},"s":{"0":15,"1":20,"2":18,"3":18,"4":18,"5":18,"6":18,"7":18,"8":18,"9":18,"10":18,"11":7,"12":7,"13":4,"14":4,"15":18,"16":2,"17":2,"18":2,"19":18,"20":7,"21":18,"22":11,"23":11,"24":1,"25":1,"26":18,"27":18,"28":18,"29":2,"30":2,"31":2,"32":2,"33":18,"34":2,"35":1,"36":1,"37":1,"38":1,"39":1,"40":18,"41":18,"42":2,"43":2,"44":1,"45":1,"46":1,"47":1,"48":1,"49":1,"50":1,"51":18},"f":{"0":20,"1":7,"2":2,"3":7,"4":11,"5":1,"6":2,"7":2,"8":2,"9":1,"10":1},"b":{"0":[11,9],"1":[1,10],"2":[6,12],"3":[18,16],"4":[2,2],"5":[1,1],"6":[2,1],"7":[1,1],"8":[18,1],"9":[2,16]},"_coverageSchema":"1a1c01bbd47fc00a2c39e90264f33305004495a9","hash":"4906b94093033fc9dd109cd6fde56213d7401add"}
,"/home/gabriela/Documents/Trybe/Projetos/sd-025-a-project-recipes-app/src/components/RecipeCard.js": {"path":"/home/gabriela/Documents/Trybe/Projetos/sd-025-a-project-recipes-app/src/components/RecipeCard.js","statementMap":{},"fnMap":{},"branchMap":{},"s":{},"f":{},"b":{}}
,"/home/gabriela/Documents/Trybe/Projetos/sd-025-a-project-recipes-app/src/components/RecipeDetails.js": {"path":"/home/gabriela/Documents/Trybe/Projetos/sd-025-a-project-recipes-app/src/components/RecipeDetails.js","statementMap":{"0":{"start":{"line":11,"column":13},"end":{"line":11,"column":14}},"1":{"start":{"line":12,"column":13},"end":{"line":12,"column":38}},"2":{"start":{"line":15,"column":18},"end":{"line":15,"column":30}},"3":{"start":{"line":16,"column":30},"end":{"line":16,"column":42}},"4":{"start":{"line":17,"column":34},"end":{"line":17,"column":46}},"5":{"start":{"line":18,"column":40},"end":{"line":18,"column":55}},"6":{"start":{"line":19,"column":46},"end":{"line":19,"column":61}},"7":{"start":{"line":20,"column":19},"end":{"line":34,"column":3}},"8":{"start":{"line":21,"column":14},"end":{"line":21,"column":37}},"9":{"start":{"line":22,"column":15},"end":{"line":22,"column":19}},"10":{"start":{"line":23,"column":14},"end":{"line":23,"column":16}},"11":{"start":{"line":24,"column":4},"end":{"line":26,"column":86}},"12":{"start":{"line":25,"column":6},"end":{"line":25,"column":73}},"13":{"start":{"line":26,"column":13},"end":{"line":26,"column":84}},"14":{"start":{"line":27,"column":21},"end":{"line":27,"column":37}},"15":{"start":{"line":28,"column":20},"end":{"line":28,"column":41}},"16":{"start":{"line":29,"column":4},"end":{"line":33,"column":5}},"17":{"start":{"line":30,"column":6},"end":{"line":30,"column":34}},"18":{"start":{"line":32,"column":6},"end":{"line":32,"column":35}},"19":{"start":{"line":36,"column":20},"end":{"line":36,"column":42}},"20":{"start":{"line":37,"column":21},"end":{"line":38,"column":38}},"21":{"start":{"line":37,"column":54},"end":{"line":38,"column":37}},"22":{"start":{"line":39,"column":14},"end":{"line":39,"column":41}},"23":{"start":{"line":39,"column":35},"end":{"line":39,"column":40}},"24":{"start":{"line":40,"column":4},"end":{"line":40,"column":13}},"25":{"start":{"line":43,"column":24},"end":{"line":54,"column":3}},"26":{"start":{"line":44,"column":14},"end":{"line":44,"column":37}},"27":{"start":{"line":45,"column":14},"end":{"line":45,"column":16}},"28":{"start":{"line":46,"column":4},"end":{"line":48,"column":77}},"29":{"start":{"line":47,"column":6},"end":{"line":47,"column":72}},"30":{"start":{"line":48,"column":13},"end":{"line":48,"column":75}},"31":{"start":{"line":49,"column":21},"end":{"line":49,"column":37}},"32":{"start":{"line":50,"column":20},"end":{"line":50,"column":41}},"33":{"start":{"line":51,"column":4},"end":{"line":53,"column":42}},"34":{"start":{"line":52,"column":6},"end":{"line":52,"column":34}},"35":{"start":{"line":53,"column":13},"end":{"line":53,"column":40}},"36":{"start":{"line":56,"column":29},"end":{"line":65,"column":3}},"37":{"start":{"line":57,"column":39},"end":{"line":57,"column":46}},"38":{"start":{"line":58,"column":15},"end":{"line":58,"column":37}},"39":{"start":{"line":59,"column":4},"end":{"line":61,"column":5}},"40":{"start":{"line":60,"column":6},"end":{"line":60,"column":47}},"41":{"start":{"line":62,"column":4},"end":{"line":64,"column":5}},"42":{"start":{"line":63,"column":6},"end":{"line":63,"column":48}},"43":{"start":{"line":66,"column":2},"end":{"line":70,"column":14}},"44":{"start":{"line":67,"column":25},"end":{"line":67,"column":30}},"45":{"start":{"line":68,"column":4},"end":{"line":68,"column":23}},"46":{"start":{"line":69,"column":4},"end":{"line":69,"column":28}},"47":{"start":{"line":72,"column":2},"end":{"line":77,"column":15}},"48":{"start":{"line":73,"column":21},"end":{"line":73,"column":80}},"49":{"start":{"line":74,"column":4},"end":{"line":76,"column":5}},"50":{"start":{"line":74,"column":31},"end":{"line":74,"column":84}},"51":{"start":{"line":75,"column":6},"end":{"line":75,"column":30}},"52":{"start":{"line":79,"column":12},"end":{"line":79,"column":43}},"53":{"start":{"line":80,"column":12},"end":{"line":80,"column":40}},"54":{"start":{"line":82,"column":22},"end":{"line":88,"column":3}},"55":{"start":{"line":83,"column":21},"end":{"line":83,"column":23}},"56":{"start":{"line":84,"column":4},"end":{"line":86,"column":5}},"57":{"start":{"line":84,"column":21},"end":{"line":84,"column":22}},"58":{"start":{"line":85,"column":6},"end":{"line":85,"column":47}},"59":{"start":{"line":87,"column":4},"end":{"line":87,"column":20}},"60":{"start":{"line":90,"column":22},"end":{"line":97,"column":3}},"61":{"start":{"line":91,"column":4},"end":{"line":91,"column":25}},"62":{"start":{"line":92,"column":25},"end":{"line":92,"column":30}},"63":{"start":{"line":93,"column":25},"end":{"line":93,"column":33}},"64":{"start":{"line":94,"column":16},"end":{"line":94,"column":50}},"65":{"start":{"line":95,"column":25},"end":{"line":95,"column":40}},"66":{"start":{"line":96,"column":4},"end":{"line":96,"column":24}},"67":{"start":{"line":99,"column":22},"end":{"line":139,"column":3}},"68":{"start":{"line":100,"column":25},"end":{"line":100,"column":30}},"69":{"start":{"line":101,"column":25},"end":{"line":101,"column":33}},"70":{"start":{"line":102,"column":21},"end":{"line":102,"column":80}},"71":{"start":{"line":103,"column":22},"end":{"line":103,"column":24}},"72":{"start":{"line":104,"column":4},"end":{"line":138,"column":5}},"73":{"start":{"line":105,"column":6},"end":{"line":115,"column":7}},"74":{"start":{"line":106,"column":8},"end":{"line":114,"column":10}},"75":{"start":{"line":115,"column":8},"end":{"line":125,"column":7}},"76":{"start":{"line":116,"column":8},"end":{"line":124,"column":10}},"77":{"start":{"line":126,"column":6},"end":{"line":126,"column":90}},"78":{"start":{"line":127,"column":6},"end":{"line":127,"column":30}},"79":{"start":{"line":128,"column":11},"end":{"line":138,"column":5}},"80":{"start":{"line":129,"column":6},"end":{"line":133,"column":7}},"81":{"start":{"line":130,"column":31},"end":{"line":130,"column":79}},"82":{"start":{"line":130,"column":55},"end":{"line":130,"column":78}},"83":{"start":{"line":131,"column":8},"end":{"line":131,"column":80}},"84":{"start":{"line":132,"column":8},"end":{"line":132,"column":33}},"85":{"start":{"line":133,"column":8},"end":{"line":137,"column":7}},"86":{"start":{"line":134,"column":31},"end":{"line":134,"column":80}},"87":{"start":{"line":134,"column":55},"end":{"line":134,"column":79}},"88":{"start":{"line":135,"column":8},"end":{"line":135,"column":80}},"89":{"start":{"line":136,"column":8},"end":{"line":136,"column":33}},"90":{"start":{"line":141,"column":2},"end":{"line":216,"column":4}},"91":{"start":{"line":145,"column":24},"end":{"line":145,"column":44}},"92":{"start":{"line":151,"column":24},"end":{"line":151,"column":42}},"93":{"start":{"line":155,"column":24},"end":{"line":155,"column":47}},"94":{"start":{"line":159,"column":8},"end":{"line":164,"column":12}},"95":{"start":{"line":171,"column":10},"end":{"line":183,"column":16}},"96":{"start":{"line":219,"column":0},"end":{"line":223,"column":2}}},"fnMap":{"0":{"name":"RecipeDetails","decl":{"start":{"line":14,"column":24},"end":{"line":14,"column":37}},"loc":{"start":{"line":14,"column":45},"end":{"line":217,"column":1}},"line":14},"1":{"name":"(anonymous_1)","decl":{"start":{"line":20,"column":19},"end":{"line":20,"column":20}},"loc":{"start":{"line":20,"column":34},"end":{"line":34,"column":3}},"line":20},"2":{"name":"renderIngredients","decl":{"start":{"line":35,"column":11},"end":{"line":35,"column":28}},"loc":{"start":{"line":35,"column":37},"end":{"line":41,"column":3}},"line":35},"3":{"name":"(anonymous_3)","decl":{"start":{"line":37,"column":36},"end":{"line":37,"column":37}},"loc":{"start":{"line":37,"column":54},"end":{"line":38,"column":37}},"line":37},"4":{"name":"(anonymous_4)","decl":{"start":{"line":39,"column":27},"end":{"line":39,"column":28}},"loc":{"start":{"line":39,"column":35},"end":{"line":39,"column":40}},"line":39},"5":{"name":"(anonymous_5)","decl":{"start":{"line":43,"column":24},"end":{"line":43,"column":25}},"loc":{"start":{"line":43,"column":39},"end":{"line":54,"column":3}},"line":43},"6":{"name":"(anonymous_6)","decl":{"start":{"line":56,"column":29},"end":{"line":56,"column":30}},"loc":{"start":{"line":56,"column":35},"end":{"line":65,"column":3}},"line":56},"7":{"name":"(anonymous_7)","decl":{"start":{"line":66,"column":12},"end":{"line":66,"column":13}},"loc":{"start":{"line":66,"column":18},"end":{"line":70,"column":3}},"line":66},"8":{"name":"(anonymous_8)","decl":{"start":{"line":72,"column":12},"end":{"line":72,"column":13}},"loc":{"start":{"line":72,"column":18},"end":{"line":77,"column":3}},"line":72},"9":{"name":"(anonymous_9)","decl":{"start":{"line":74,"column":22},"end":{"line":74,"column":23}},"loc":{"start":{"line":74,"column":31},"end":{"line":74,"column":84}},"line":74},"10":{"name":"(anonymous_10)","decl":{"start":{"line":82,"column":22},"end":{"line":82,"column":23}},"loc":{"start":{"line":82,"column":28},"end":{"line":88,"column":3}},"line":82},"11":{"name":"(anonymous_11)","decl":{"start":{"line":90,"column":22},"end":{"line":90,"column":23}},"loc":{"start":{"line":90,"column":34},"end":{"line":97,"column":3}},"line":90},"12":{"name":"(anonymous_12)","decl":{"start":{"line":99,"column":22},"end":{"line":99,"column":23}},"loc":{"start":{"line":99,"column":28},"end":{"line":139,"column":3}},"line":99},"13":{"name":"(anonymous_13)","decl":{"start":{"line":130,"column":47},"end":{"line":130,"column":48}},"loc":{"start":{"line":130,"column":55},"end":{"line":130,"column":78}},"line":130},"14":{"name":"(anonymous_14)","decl":{"start":{"line":134,"column":47},"end":{"line":134,"column":48}},"loc":{"start":{"line":134,"column":55},"end":{"line":134,"column":79}},"line":134},"15":{"name":"(anonymous_15)","decl":{"start":{"line":145,"column":16},"end":{"line":145,"column":17}},"loc":{"start":{"line":145,"column":24},"end":{"line":145,"column":44}},"line":145},"16":{"name":"(anonymous_16)","decl":{"start":{"line":151,"column":16},"end":{"line":151,"column":17}},"loc":{"start":{"line":151,"column":24},"end":{"line":151,"column":42}},"line":151},"17":{"name":"(anonymous_17)","decl":{"start":{"line":155,"column":16},"end":{"line":155,"column":17}},"loc":{"start":{"line":155,"column":24},"end":{"line":155,"column":47}},"line":155},"18":{"name":"(anonymous_18)","decl":{"start":{"line":158,"column":25},"end":{"line":158,"column":26}},"loc":{"start":{"line":159,"column":8},"end":{"line":164,"column":12}},"line":159},"19":{"name":"(anonymous_19)","decl":{"start":{"line":170,"column":37},"end":{"line":170,"column":38}},"loc":{"start":{"line":171,"column":10},"end":{"line":183,"column":16}},"line":171}},"branchMap":{"0":{"loc":{"start":{"line":24,"column":4},"end":{"line":26,"column":86}},"type":"if","locations":[{"start":{"line":24,"column":4},"end":{"line":26,"column":86}},{"start":{"line":26,"column":11},"end":{"line":26,"column":86}}],"line":24},"1":{"loc":{"start":{"line":29,"column":4},"end":{"line":33,"column":5}},"type":"if","locations":[{"start":{"line":29,"column":4},"end":{"line":33,"column":5}},{"start":{"line":31,"column":11},"end":{"line":33,"column":5}}],"line":29},"2":{"loc":{"start":{"line":37,"column":54},"end":{"line":38,"column":37}},"type":"binary-expr","locations":[{"start":{"line":37,"column":54},"end":{"line":37,"column":74}},{"start":{"line":38,"column":7},"end":{"line":38,"column":21}},{"start":{"line":38,"column":25},"end":{"line":38,"column":37}}],"line":37},"3":{"loc":{"start":{"line":46,"column":4},"end":{"line":48,"column":77}},"type":"if","locations":[{"start":{"line":46,"column":4},"end":{"line":48,"column":77}},{"start":{"line":48,"column":11},"end":{"line":48,"column":77}}],"line":46},"4":{"loc":{"start":{"line":51,"column":4},"end":{"line":53,"column":42}},"type":"if","locations":[{"start":{"line":51,"column":4},"end":{"line":53,"column":42}},{"start":{"line":53,"column":11},"end":{"line":53,"column":42}}],"line":51},"5":{"loc":{"start":{"line":59,"column":4},"end":{"line":61,"column":5}},"type":"if","locations":[{"start":{"line":59,"column":4},"end":{"line":61,"column":5}},{"start":{},"end":{}}],"line":59},"6":{"loc":{"start":{"line":62,"column":4},"end":{"line":64,"column":5}},"type":"if","locations":[{"start":{"line":62,"column":4},"end":{"line":64,"column":5}},{"start":{},"end":{}}],"line":62},"7":{"loc":{"start":{"line":73,"column":32},"end":{"line":73,"column":79}},"type":"binary-expr","locations":[{"start":{"line":73,"column":32},"end":{"line":73,"column":71}},{"start":{"line":73,"column":75},"end":{"line":73,"column":79}}],"line":73},"8":{"loc":{"start":{"line":74,"column":4},"end":{"line":76,"column":5}},"type":"if","locations":[{"start":{"line":74,"column":4},"end":{"line":76,"column":5}},{"start":{},"end":{}}],"line":74},"9":{"loc":{"start":{"line":74,"column":31},"end":{"line":74,"column":84}},"type":"binary-expr","locations":[{"start":{"line":74,"column":31},"end":{"line":74,"column":56}},{"start":{"line":74,"column":60},"end":{"line":74,"column":84}}],"line":74},"10":{"loc":{"start":{"line":102,"column":32},"end":{"line":102,"column":79}},"type":"binary-expr","locations":[{"start":{"line":102,"column":32},"end":{"line":102,"column":71}},{"start":{"line":102,"column":75},"end":{"line":102,"column":79}}],"line":102},"11":{"loc":{"start":{"line":104,"column":4},"end":{"line":138,"column":5}},"type":"if","locations":[{"start":{"line":104,"column":4},"end":{"line":138,"column":5}},{"start":{"line":128,"column":11},"end":{"line":138,"column":5}}],"line":104},"12":{"loc":{"start":{"line":105,"column":6},"end":{"line":115,"column":7}},"type":"if","locations":[{"start":{"line":105,"column":6},"end":{"line":115,"column":7}},{"start":{},"end":{}}],"line":105},"13":{"loc":{"start":{"line":115,"column":8},"end":{"line":125,"column":7}},"type":"if","locations":[{"start":{"line":115,"column":8},"end":{"line":125,"column":7}},{"start":{},"end":{}}],"line":115},"14":{"loc":{"start":{"line":128,"column":11},"end":{"line":138,"column":5}},"type":"if","locations":[{"start":{"line":128,"column":11},"end":{"line":138,"column":5}},{"start":{},"end":{}}],"line":128},"15":{"loc":{"start":{"line":129,"column":6},"end":{"line":133,"column":7}},"type":"if","locations":[{"start":{"line":129,"column":6},"end":{"line":133,"column":7}},{"start":{},"end":{}}],"line":129},"16":{"loc":{"start":{"line":133,"column":8},"end":{"line":137,"column":7}},"type":"if","locations":[{"start":{"line":133,"column":8},"end":{"line":137,"column":7}},{"start":{},"end":{}}],"line":133},"17":{"loc":{"start":{"line":154,"column":10},"end":{"line":156,"column":31}},"type":"binary-expr","locations":[{"start":{"line":154,"column":10},"end":{"line":154,"column":38}},{"start":{"line":154,"column":42},"end":{"line":156,"column":31}}],"line":154},"18":{"loc":{"start":{"line":167,"column":7},"end":{"line":168,"column":64}},"type":"binary-expr","locations":[{"start":{"line":167,"column":7},"end":{"line":167,"column":33}},{"start":{"line":168,"column":9},"end":{"line":168,"column":64}}],"line":167},"19":{"loc":{"start":{"line":172,"column":25},"end":{"line":172,"column":46}},"type":"binary-expr","locations":[{"start":{"line":172,"column":25},"end":{"line":172,"column":34}},{"start":{"line":172,"column":38},"end":{"line":172,"column":46}}],"line":172},"20":{"loc":{"start":{"line":176,"column":20},"end":{"line":176,"column":53}},"type":"binary-expr","locations":[{"start":{"line":176,"column":20},"end":{"line":176,"column":35}},{"start":{"line":176,"column":39},"end":{"line":176,"column":53}}],"line":176},"21":{"loc":{"start":{"line":177,"column":20},"end":{"line":177,"column":43}},"type":"binary-expr","locations":[{"start":{"line":177,"column":20},"end":{"line":177,"column":30}},{"start":{"line":177,"column":34},"end":{"line":177,"column":43}}],"line":177},"22":{"loc":{"start":{"line":181,"column":16},"end":{"line":181,"column":39}},"type":"binary-expr","locations":[{"start":{"line":181,"column":16},"end":{"line":181,"column":26}},{"start":{"line":181,"column":30},"end":{"line":181,"column":39}}],"line":181},"23":{"loc":{"start":{"line":209,"column":17},"end":{"line":210,"column":45}},"type":"cond-expr","locations":[{"start":{"line":210,"column":14},"end":{"line":210,"column":28}},{"start":{"line":210,"column":31},"end":{"line":210,"column":45}}],"line":209},"24":{"loc":{"start":{"line":214,"column":7},"end":{"line":214,"column":50}},"type":"binary-expr","locations":[{"start":{"line":214,"column":7},"end":{"line":214,"column":27}},{"start":{"line":214,"column":31},"end":{"line":214,"column":50}}],"line":214}},"s":{"0":15,"1":15,"2":24,"3":20,"4":20,"5":20,"6":20,"7":20,"8":8,"9":8,"10":8,"11":8,"12":4,"13":4,"14":8,"15":4,"16":4,"17":2,"18":2,"19":40,"20":40,"21":416,"22":40,"23":78,"24":40,"25":20,"26":8,"27":8,"28":8,"29":4,"30":4,"31":8,"32":3,"33":3,"34":2,"35":1,"36":20,"37":4,"38":4,"39":4,"40":2,"41":4,"42":2,"43":20,"44":8,"45":8,"46":8,"47":20,"48":10,"49":10,"50":2,"51":2,"52":20,"53":20,"54":20,"55":20,"56":20,"57":20,"58":46,"59":20,"60":20,"61":2,"62":2,"63":2,"64":2,"65":2,"66":2,"67":20,"68":4,"69":4,"70":4,"71":4,"72":4,"73":2,"74":1,"75":2,"76":1,"77":2,"78":2,"79":2,"80":2,"81":1,"82":1,"83":1,"84":1,"85":2,"86":1,"87":1,"88":1,"89":1,"90":20,"91":48,"92":8,"93":20,"94":46,"95":12,"96":15},"f":{"0":24,"1":8,"2":40,"3":416,"4":78,"5":8,"6":4,"7":8,"8":10,"9":2,"10":20,"11":2,"12":4,"13":1,"14":1,"15":48,"16":8,"17":20,"18":46,"19":12},"b":{"0":[4,4],"1":[2,2],"2":[416,140,100],"3":[4,4],"4":[2,1],"5":[2,2],"6":[2,2],"7":[10,8],"8":[2,8],"9":[2,0],"10":[4,2],"11":[2,2],"12":[1,1],"13":[1,1],"14":[2,0],"15":[1,1],"16":[1,1],"17":[20,20],"18":[20,20],"19":[12,6],"20":[12,6],"21":[12,6],"22":[12,6],"23":[4,16],"24":[20,2]},"_coverageSchema":"1a1c01bbd47fc00a2c39e90264f33305004495a9","hash":"8bebb893dc05ad4931c90ed1f0c0367a8a408101"}
,"/home/gabriela/Documents/Trybe/Projetos/sd-025-a-project-recipes-app/src/components/SearchBar.js": {"path":"/home/gabriela/Documents/Trybe/Projetos/sd-025-a-project-recipes-app/src/components/SearchBar.js","statementMap":{"0":{"start":{"line":9,"column":18},"end":{"line":9,"column":30}},"1":{"start":{"line":10,"column":40},"end":{"line":10,"column":52}},"2":{"start":{"line":11,"column":40},"end":{"line":11,"column":52}},"3":{"start":{"line":15,"column":6},"end":{"line":15,"column":32}},"4":{"start":{"line":17,"column":31},"end":{"line":21,"column":3}},"5":{"start":{"line":23,"column":33},"end":{"line":27,"column":3}},"6":{"start":{"line":28,"column":19},"end":{"line":28,"column":32}},"7":{"start":{"line":29,"column":24},"end":{"line":29,"column":81}},"8":{"start":{"line":30,"column":22},"end":{"line":32,"column":3}},"9":{"start":{"line":31,"column":4},"end":{"line":31,"column":33}},"10":{"start":{"line":34,"column":2},"end":{"line":41,"column":43}},"11":{"start":{"line":35,"column":4},"end":{"line":37,"column":5}},"12":{"start":{"line":36,"column":6},"end":{"line":36,"column":54}},"13":{"start":{"line":38,"column":4},"end":{"line":40,"column":5}},"14":{"start":{"line":39,"column":6},"end":{"line":39,"column":57}},"15":{"start":{"line":43,"column":26},"end":{"line":72,"column":3}},"16":{"start":{"line":44,"column":4},"end":{"line":47,"column":5}},"17":{"start":{"line":45,"column":6},"end":{"line":45,"column":67}},"18":{"start":{"line":46,"column":6},"end":{"line":46,"column":13}},"19":{"start":{"line":48,"column":4},"end":{"line":57,"column":5}},"20":{"start":{"line":49,"column":6},"end":{"line":56,"column":11}},"21":{"start":{"line":51,"column":10},"end":{"line":54,"column":11}},"22":{"start":{"line":52,"column":12},"end":{"line":52,"column":40}},"23":{"start":{"line":53,"column":12},"end":{"line":53,"column":19}},"24":{"start":{"line":55,"column":10},"end":{"line":55,"column":34}},"25":{"start":{"line":58,"column":4},"end":{"line":70,"column":5}},"26":{"start":{"line":59,"column":6},"end":{"line":66,"column":11}},"27":{"start":{"line":61,"column":10},"end":{"line":64,"column":11}},"28":{"start":{"line":62,"column":12},"end":{"line":62,"column":40}},"29":{"start":{"line":63,"column":12},"end":{"line":63,"column":19}},"30":{"start":{"line":65,"column":10},"end":{"line":65,"column":36}},"31":{"start":{"line":71,"column":4},"end":{"line":71,"column":35}},"32":{"start":{"line":74,"column":2},"end":{"line":128,"column":4}},"33":{"start":{"line":83,"column":39},"end":{"line":83,"column":68}}},"fnMap":{"0":{"name":"SearchBar","decl":{"start":{"line":8,"column":24},"end":{"line":8,"column":33}},"loc":{"start":{"line":8,"column":36},"end":{"line":129,"column":1}},"line":8},"1":{"name":"(anonymous_1)","decl":{"start":{"line":30,"column":22},"end":{"line":30,"column":23}},"loc":{"start":{"line":30,"column":38},"end":{"line":32,"column":3}},"line":30},"2":{"name":"(anonymous_2)","decl":{"start":{"line":34,"column":12},"end":{"line":34,"column":13}},"loc":{"start":{"line":34,"column":18},"end":{"line":41,"column":3}},"line":34},"3":{"name":"(anonymous_3)","decl":{"start":{"line":43,"column":26},"end":{"line":43,"column":27}},"loc":{"start":{"line":43,"column":32},"end":{"line":72,"column":3}},"line":43},"4":{"name":"(anonymous_4)","decl":{"start":{"line":50,"column":14},"end":{"line":50,"column":15}},"loc":{"start":{"line":50,"column":21},"end":{"line":56,"column":9}},"line":50},"5":{"name":"(anonymous_5)","decl":{"start":{"line":60,"column":14},"end":{"line":60,"column":15}},"loc":{"start":{"line":60,"column":21},"end":{"line":66,"column":9}},"line":60},"6":{"name":"(anonymous_6)","decl":{"start":{"line":83,"column":21},"end":{"line":83,"column":22}},"loc":{"start":{"line":83,"column":37},"end":{"line":83,"column":70}},"line":83}},"branchMap":{"0":{"loc":{"start":{"line":35,"column":4},"end":{"line":37,"column":5}},"type":"if","locations":[{"start":{"line":35,"column":4},"end":{"line":37,"column":5}},{"start":{},"end":{}}],"line":35},"1":{"loc":{"start":{"line":38,"column":4},"end":{"line":40,"column":5}},"type":"if","locations":[{"start":{"line":38,"column":4},"end":{"line":40,"column":5}},{"start":{},"end":{}}],"line":38},"2":{"loc":{"start":{"line":44,"column":4},"end":{"line":47,"column":5}},"type":"if","locations":[{"start":{"line":44,"column":4},"end":{"line":47,"column":5}},{"start":{},"end":{}}],"line":44},"3":{"loc":{"start":{"line":44,"column":8},"end":{"line":44,"column":63}},"type":"binary-expr","locations":[{"start":{"line":44,"column":8},"end":{"line":44,"column":37}},{"start":{"line":44,"column":41},"end":{"line":44,"column":63}}],"line":44},"4":{"loc":{"start":{"line":48,"column":4},"end":{"line":57,"column":5}},"type":"if","locations":[{"start":{"line":48,"column":4},"end":{"line":57,"column":5}},{"start":{},"end":{}}],"line":48},"5":{"loc":{"start":{"line":51,"column":10},"end":{"line":54,"column":11}},"type":"if","locations":[{"start":{"line":51,"column":10},"end":{"line":54,"column":11}},{"start":{},"end":{}}],"line":51},"6":{"loc":{"start":{"line":58,"column":4},"end":{"line":70,"column":5}},"type":"if","locations":[{"start":{"line":58,"column":4},"end":{"line":70,"column":5}},{"start":{},"end":{}}],"line":58},"7":{"loc":{"start":{"line":61,"column":10},"end":{"line":64,"column":11}},"type":"if","locations":[{"start":{"line":61,"column":10},"end":{"line":64,"column":11}},{"start":{},"end":{}}],"line":61}},"s":{"0":67,"1":67,"2":67,"3":67,"4":67,"5":67,"6":67,"7":67,"8":67,"9":6,"10":67,"11":11,"12":1,"13":11,"14":1,"15":67,"16":6,"17":1,"18":1,"19":5,"20":2,"21":2,"22":1,"23":1,"24":1,"25":5,"26":3,"27":3,"28":1,"29":1,"30":2,"31":5,"32":67,"33":38},"f":{"0":67,"1":6,"2":11,"3":6,"4":2,"5":3,"6":38},"b":{"0":[1,10],"1":[1,10],"2":[1,5],"3":[6,1],"4":[2,3],"5":[1,1],"6":[3,2],"7":[1,2]},"_coverageSchema":"1a1c01bbd47fc00a2c39e90264f33305004495a9","hash":"6d9601c9bacbe7c7786cb2b47bbf9b37517fdd5d"}
,"/home/gabriela/Documents/Trybe/Projetos/sd-025-a-project-recipes-app/src/context/ContextRecipes.js": {"path":"/home/gabriela/Documents/Trybe/Projetos/sd-025-a-project-recipes-app/src/context/ContextRecipes.js","statementMap":{"0":{"start":{"line":3,"column":23},"end":{"line":3,"column":38}}},"fnMap":{},"branchMap":{},"s":{"0":15},"f":{},"b":{},"_coverageSchema":"1a1c01bbd47fc00a2c39e90264f33305004495a9","hash":"89fab29004f03918cfd0cc0c518e4089e2554457"}
,"/home/gabriela/Documents/Trybe/Projetos/sd-025-a-project-recipes-app/src/context/ProviderRecipes.js": {"path":"/home/gabriela/Documents/Trybe/Projetos/sd-025-a-project-recipes-app/src/context/ProviderRecipes.js","statementMap":{"0":{"start":{"line":6,"column":28},"end":{"line":6,"column":40}},"1":{"start":{"line":7,"column":30},"end":{"line":7,"column":45}},"2":{"start":{"line":8,"column":40},"end":{"line":8,"column":52}},"3":{"start":{"line":9,"column":42},"end":{"line":9,"column":54}},"4":{"start":{"line":10,"column":40},"end":{"line":10,"column":52}},"5":{"start":{"line":11,"column":32},"end":{"line":11,"column":44}},"6":{"start":{"line":12,"column":42},"end":{"line":12,"column":56}},"7":{"start":{"line":13,"column":58},"end":{"line":13,"column":72}},"8":{"start":{"line":15,"column":16},"end":{"line":35,"column":29}},"9":{"start":{"line":15,"column":31},"end":{"line":32,"column":3}},"10":{"start":{"line":37,"column":2},"end":{"line":39,"column":4}},"11":{"start":{"line":42,"column":0},"end":{"line":44,"column":2}}},"fnMap":{"0":{"name":"ProviderRecipes","decl":{"start":{"line":5,"column":24},"end":{"line":5,"column":39}},"loc":{"start":{"line":5,"column":54},"end":{"line":40,"column":1}},"line":5},"1":{"name":"(anonymous_1)","decl":{"start":{"line":15,"column":24},"end":{"line":15,"column":25}},"loc":{"start":{"line":15,"column":31},"end":{"line":32,"column":3}},"line":15}},"branchMap":{},"s":{"0":132,"1":132,"2":132,"3":132,"4":132,"5":132,"6":132,"7":132,"8":132,"9":126,"10":132,"11":15},"f":{"0":132,"1":126},"b":{},"_coverageSchema":"1a1c01bbd47fc00a2c39e90264f33305004495a9","hash":"f3fcc53d209c397052d411253d13fb877f30be0a"}
,"/home/gabriela/Documents/Trybe/Projetos/sd-025-a-project-recipes-app/src/helpers/RenderWithRouter.js": {"path":"/home/gabriela/Documents/Trybe/Projetos/sd-025-a-project-recipes-app/src/helpers/RenderWithRouter.js","statementMap":{"0":{"start":{"line":6,"column":2},"end":{"line":10,"column":4}},"1":{"start":{"line":20,"column":2},"end":{"line":23,"column":4}}},"fnMap":{"0":{"name":"withRouter","decl":{"start":{"line":5,"column":9},"end":{"line":5,"column":19}},"loc":{"start":{"line":5,"column":40},"end":{"line":11,"column":1}},"line":5},"1":{"name":"renderWithRouter","decl":{"start":{"line":13,"column":9},"end":{"line":13,"column":25}},"loc":{"start":{"line":19,"column":2},"end":{"line":24,"column":1}},"line":19}},"branchMap":{"0":{"loc":{"start":{"line":15,"column":2},"end":{"line":18,"column":8}},"type":"default-arg","locations":[{"start":{"line":18,"column":6},"end":{"line":18,"column":8}}],"line":15},"1":{"loc":{"start":{"line":16,"column":4},"end":{"line":16,"column":26}},"type":"default-arg","locations":[{"start":{"line":16,"column":21},"end":{"line":16,"column":26}}],"line":16},"2":{"loc":{"start":{"line":17,"column":4},"end":{"line":17,"column":53}},"type":"default-arg","locations":[{"start":{"line":17,"column":14},"end":{"line":17,"column":53}}],"line":17}},"s":{"0":38,"1":38},"f":{"0":38,"1":38},"b":{"0":[38],"1":[38],"2":[38]},"_coverageSchema":"1a1c01bbd47fc00a2c39e90264f33305004495a9","hash":"1243167f6943e8c14cf59cb7c7e7e0576aa5e6b6"}
,"/home/gabriela/Documents/Trybe/Projetos/sd-025-a-project-recipes-app/src/pages/DoneRecipes.js": {"path":"/home/gabriela/Documents/Trybe/Projetos/sd-025-a-project-recipes-app/src/pages/DoneRecipes.js","statementMap":{"0":{"start":{"line":10,"column":13},"end":{"line":10,"column":38}},"1":{"start":{"line":13,"column":26},"end":{"line":13,"column":38}},"2":{"start":{"line":14,"column":18},"end":{"line":14,"column":30}},"3":{"start":{"line":15,"column":32},"end":{"line":15,"column":47}},"4":{"start":{"line":16,"column":23},"end":{"line":16,"column":49}},"5":{"start":{"line":17,"column":2},"end":{"line":19,"column":17}},"6":{"start":{"line":18,"column":4},"end":{"line":18,"column":29}},"7":{"start":{"line":21,"column":2},"end":{"line":24,"column":9}},"8":{"start":{"line":22,"column":18},"end":{"line":22,"column":75}},"9":{"start":{"line":23,"column":4},"end":{"line":23,"column":19}},"10":{"start":{"line":26,"column":22},"end":{"line":30,"column":3}},"11":{"start":{"line":27,"column":4},"end":{"line":27,"column":21}},"12":{"start":{"line":28,"column":19},"end":{"line":28,"column":71}},"13":{"start":{"line":29,"column":4},"end":{"line":29,"column":17}},"14":{"start":{"line":32,"column":19},"end":{"line":36,"column":3}},"15":{"start":{"line":33,"column":18},"end":{"line":33,"column":75}},"16":{"start":{"line":34,"column":16},"end":{"line":34,"column":59}},"17":{"start":{"line":34,"column":37},"end":{"line":34,"column":58}},"18":{"start":{"line":35,"column":4},"end":{"line":35,"column":17}},"19":{"start":{"line":37,"column":2},"end":{"line":117,"column":4}},"20":{"start":{"line":44,"column":26},"end":{"line":44,"column":38}},"21":{"start":{"line":51,"column":26},"end":{"line":51,"column":42}},"22":{"start":{"line":63,"column":26},"end":{"line":63,"column":43}},"23":{"start":{"line":76,"column":12},"end":{"line":111,"column":18}},"24":{"start":{"line":83,"column":32},"end":{"line":83,"column":69}},"25":{"start":{"line":100,"column":32},"end":{"line":100,"column":47}},"26":{"start":{"line":109,"column":16},"end":{"line":109,"column":89}}},"fnMap":{"0":{"name":"DoneRecipes","decl":{"start":{"line":12,"column":24},"end":{"line":12,"column":35}},"loc":{"start":{"line":12,"column":38},"end":{"line":118,"column":1}},"line":12},"1":{"name":"(anonymous_1)","decl":{"start":{"line":17,"column":12},"end":{"line":17,"column":13}},"loc":{"start":{"line":17,"column":18},"end":{"line":19,"column":3}},"line":17},"2":{"name":"(anonymous_2)","decl":{"start":{"line":21,"column":12},"end":{"line":21,"column":13}},"loc":{"start":{"line":21,"column":18},"end":{"line":24,"column":3}},"line":21},"3":{"name":"(anonymous_3)","decl":{"start":{"line":26,"column":22},"end":{"line":26,"column":23}},"loc":{"start":{"line":26,"column":34},"end":{"line":30,"column":3}},"line":26},"4":{"name":"(anonymous_4)","decl":{"start":{"line":32,"column":19},"end":{"line":32,"column":20}},"loc":{"start":{"line":32,"column":28},"end":{"line":36,"column":3}},"line":32},"5":{"name":"(anonymous_5)","decl":{"start":{"line":34,"column":29},"end":{"line":34,"column":30}},"loc":{"start":{"line":34,"column":37},"end":{"line":34,"column":58}},"line":34},"6":{"name":"(anonymous_6)","decl":{"start":{"line":44,"column":20},"end":{"line":44,"column":21}},"loc":{"start":{"line":44,"column":26},"end":{"line":44,"column":38}},"line":44},"7":{"name":"(anonymous_7)","decl":{"start":{"line":51,"column":20},"end":{"line":51,"column":21}},"loc":{"start":{"line":51,"column":26},"end":{"line":51,"column":42}},"line":51},"8":{"name":"(anonymous_8)","decl":{"start":{"line":63,"column":20},"end":{"line":63,"column":21}},"loc":{"start":{"line":63,"column":26},"end":{"line":63,"column":43}},"line":63},"9":{"name":"(anonymous_9)","decl":{"start":{"line":75,"column":19},"end":{"line":75,"column":20}},"loc":{"start":{"line":76,"column":12},"end":{"line":111,"column":18}},"line":76},"10":{"name":"(anonymous_10)","decl":{"start":{"line":83,"column":26},"end":{"line":83,"column":27}},"loc":{"start":{"line":83,"column":32},"end":{"line":83,"column":69}},"line":83},"11":{"name":"(anonymous_11)","decl":{"start":{"line":100,"column":26},"end":{"line":100,"column":27}},"loc":{"start":{"line":100,"column":32},"end":{"line":100,"column":47}},"line":100},"12":{"name":"(anonymous_12)","decl":{"start":{"line":108,"column":27},"end":{"line":108,"column":28}},"loc":{"start":{"line":109,"column":16},"end":{"line":109,"column":89}},"line":109}},"branchMap":{"0":{"loc":{"start":{"line":22,"column":30},"end":{"line":22,"column":73}},"type":"binary-expr","locations":[{"start":{"line":22,"column":30},"end":{"line":22,"column":65}},{"start":{"line":22,"column":69},"end":{"line":22,"column":73}}],"line":22},"1":{"loc":{"start":{"line":33,"column":30},"end":{"line":33,"column":73}},"type":"binary-expr","locations":[{"start":{"line":33,"column":30},"end":{"line":33,"column":65}},{"start":{"line":33,"column":69},"end":{"line":33,"column":73}}],"line":33},"2":{"loc":{"start":{"line":92,"column":17},"end":{"line":93,"column":76}},"type":"cond-expr","locations":[{"start":{"line":93,"column":20},"end":{"line":93,"column":56}},{"start":{"line":93,"column":59},"end":{"line":93,"column":76}}],"line":92},"3":{"loc":{"start":{"line":97,"column":15},"end":{"line":97,"column":45}},"type":"binary-expr","locations":[{"start":{"line":97,"column":15},"end":{"line":97,"column":22}},{"start":{"line":97,"column":26},"end":{"line":97,"column":45}}],"line":97}},"s":{"0":15,"1":30,"2":30,"3":30,"4":30,"5":30,"6":13,"7":30,"8":13,"9":13,"10":30,"11":1,"12":1,"13":1,"14":30,"15":3,"16":3,"17":4,"18":3,"19":30,"20":1,"21":1,"22":1,"23":20,"24":2,"25":1,"26":12},"f":{"0":30,"1":13,"2":13,"3":1,"4":3,"5":4,"6":1,"7":1,"8":1,"9":20,"10":2,"11":1,"12":12},"b":{"0":[13,3],"1":[3,1],"2":[10,10],"3":[20,2]},"_coverageSchema":"1a1c01bbd47fc00a2c39e90264f33305004495a9","hash":"608164ae85d2d4279fe4b6fa38e839992a04f9fd"}
,"/home/gabriela/Documents/Trybe/Projetos/sd-025-a-project-recipes-app/src/pages/Drinks.js": {"path":"/home/gabriela/Documents/Trybe/Projetos/sd-025-a-project-recipes-app/src/pages/Drinks.js","statementMap":{"0":{"start":{"line":13,"column":38},"end":{"line":13,"column":64}},"1":{"start":{"line":14,"column":17},"end":{"line":14,"column":19}},"2":{"start":{"line":15,"column":15},"end":{"line":15,"column":16}},"3":{"start":{"line":17,"column":23},"end":{"line":29,"column":3}},"4":{"start":{"line":18,"column":4},"end":{"line":28,"column":5}},"5":{"start":{"line":19,"column":6},"end":{"line":19,"column":33}},"6":{"start":{"line":20,"column":6},"end":{"line":21,"column":56}},"7":{"start":{"line":21,"column":25},"end":{"line":21,"column":54}},"8":{"start":{"line":22,"column":6},"end":{"line":22,"column":29}},"9":{"start":{"line":24,"column":6},"end":{"line":24,"column":28}},"10":{"start":{"line":25,"column":6},"end":{"line":26,"column":56}},"11":{"start":{"line":26,"column":25},"end":{"line":26,"column":54}},"12":{"start":{"line":27,"column":6},"end":{"line":27,"column":28}},"13":{"start":{"line":31,"column":2},"end":{"line":37,"column":45}},"14":{"start":{"line":32,"column":4},"end":{"line":32,"column":23}},"15":{"start":{"line":33,"column":4},"end":{"line":33,"column":70}},"16":{"start":{"line":33,"column":43},"end":{"line":33,"column":68}},"17":{"start":{"line":34,"column":4},"end":{"line":36,"column":7}},"18":{"start":{"line":35,"column":6},"end":{"line":35,"column":35}},"19":{"start":{"line":39,"column":2},"end":{"line":84,"column":4}},"20":{"start":{"line":47,"column":14},"end":{"line":55,"column":23}},"21":{"start":{"line":61,"column":14},"end":{"line":61,"column":34}},"22":{"start":{"line":70,"column":12},"end":{"line":79,"column":18}}},"fnMap":{"0":{"name":"Drinks","decl":{"start":{"line":10,"column":24},"end":{"line":10,"column":30}},"loc":{"start":{"line":10,"column":33},"end":{"line":85,"column":1}},"line":10},"1":{"name":"(anonymous_1)","decl":{"start":{"line":17,"column":23},"end":{"line":17,"column":24}},"loc":{"start":{"line":17,"column":39},"end":{"line":29,"column":3}},"line":17},"2":{"name":"(anonymous_2)","decl":{"start":{"line":21,"column":14},"end":{"line":21,"column":15}},"loc":{"start":{"line":21,"column":25},"end":{"line":21,"column":54}},"line":21},"3":{"name":"(anonymous_3)","decl":{"start":{"line":26,"column":14},"end":{"line":26,"column":15}},"loc":{"start":{"line":26,"column":25},"end":{"line":26,"column":54}},"line":26},"4":{"name":"(anonymous_4)","decl":{"start":{"line":31,"column":12},"end":{"line":31,"column":13}},"loc":{"start":{"line":31,"column":18},"end":{"line":37,"column":3}},"line":31},"5":{"name":"(anonymous_5)","decl":{"start":{"line":33,"column":31},"end":{"line":33,"column":32}},"loc":{"start":{"line":33,"column":43},"end":{"line":33,"column":68}},"line":33},"6":{"name":"(anonymous_6)","decl":{"start":{"line":34,"column":25},"end":{"line":34,"column":26}},"loc":{"start":{"line":34,"column":36},"end":{"line":36,"column":5}},"line":34},"7":{"name":"(anonymous_7)","decl":{"start":{"line":46,"column":42},"end":{"line":46,"column":43}},"loc":{"start":{"line":47,"column":14},"end":{"line":55,"column":23}},"line":47},"8":{"name":"(anonymous_8)","decl":{"start":{"line":60,"column":22},"end":{"line":60,"column":23}},"loc":{"start":{"line":60,"column":28},"end":{"line":62,"column":13}},"line":60},"9":{"name":"(anonymous_9)","decl":{"start":{"line":69,"column":46},"end":{"line":69,"column":47}},"loc":{"start":{"line":70,"column":12},"end":{"line":79,"column":18}},"line":70}},"branchMap":{"0":{"loc":{"start":{"line":18,"column":4},"end":{"line":28,"column":5}},"type":"if","locations":[{"start":{"line":18,"column":4},"end":{"line":28,"column":5}},{"start":{"line":23,"column":11},"end":{"line":28,"column":5}}],"line":18},"1":{"loc":{"start":{"line":45,"column":12},"end":{"line":55,"column":25}},"type":"binary-expr","locations":[{"start":{"line":45,"column":12},"end":{"line":45,"column":30}},{"start":{"line":46,"column":15},"end":{"line":55,"column":25}}],"line":45},"2":{"loc":{"start":{"line":68,"column":9},"end":{"line":80,"column":26}},"type":"cond-expr","locations":[{"start":{"line":69,"column":12},"end":{"line":80,"column":12}},{"start":{"line":80,"column":15},"end":{"line":80,"column":26}}],"line":68},"3":{"loc":{"start":{"line":68,"column":10},"end":{"line":68,"column":50}},"type":"binary-expr","locations":[{"start":{"line":68,"column":10},"end":{"line":68,"column":33}},{"start":{"line":68,"column":37},"end":{"line":68,"column":50}}],"line":68}},"s":{"0":35,"1":35,"2":35,"3":35,"4":6,"5":5,"6":5,"7":5,"8":5,"9":1,"10":1,"11":1,"12":1,"13":35,"14":6,"15":6,"16":4,"17":6,"18":4,"19":35,"20":85,"21":1,"22":81},"f":{"0":35,"1":6,"2":5,"3":1,"4":6,"5":4,"6":4,"7":85,"8":1,"9":81},"b":{"0":[5,1],"1":[35,17],"2":[7,28],"3":[35,9]},"_coverageSchema":"1a1c01bbd47fc00a2c39e90264f33305004495a9","hash":"c8d875517ec9d1040e7f03a2a416a57030e38072"}
,"/home/gabriela/Documents/Trybe/Projetos/sd-025-a-project-recipes-app/src/pages/FavoriteRecipes.js": {"path":"/home/gabriela/Documents/Trybe/Projetos/sd-025-a-project-recipes-app/src/pages/FavoriteRecipes.js","statementMap":{"0":{"start":{"line":10,"column":13},"end":{"line":10,"column":38}},"1":{"start":{"line":13,"column":23},"end":{"line":13,"column":49}},"2":{"start":{"line":14,"column":34},"end":{"line":14,"column":46}},"3":{"start":{"line":15,"column":32},"end":{"line":15,"column":47}},"4":{"start":{"line":18,"column":2},"end":{"line":20,"column":17}},"5":{"start":{"line":19,"column":4},"end":{"line":19,"column":33}},"6":{"start":{"line":22,"column":2},"end":{"line":25,"column":9}},"7":{"start":{"line":23,"column":28},"end":{"line":23,"column":89}},"8":{"start":{"line":24,"column":4},"end":{"line":24,"column":33}},"9":{"start":{"line":27,"column":29},"end":{"line":31,"column":3}},"10":{"start":{"line":28,"column":28},"end":{"line":28,"column":81}},"11":{"start":{"line":29,"column":36},"end":{"line":29,"column":89}},"12":{"start":{"line":29,"column":67},"end":{"line":29,"column":88}},"13":{"start":{"line":30,"column":4},"end":{"line":30,"column":41}},"14":{"start":{"line":33,"column":27},"end":{"line":38,"column":3}},"15":{"start":{"line":34,"column":34},"end":{"line":34,"column":39}},"16":{"start":{"line":35,"column":27},"end":{"line":35,"column":75}},"17":{"start":{"line":35,"column":55},"end":{"line":35,"column":74}},"18":{"start":{"line":36,"column":4},"end":{"line":36,"column":76}},"19":{"start":{"line":37,"column":4},"end":{"line":37,"column":32}},"20":{"start":{"line":39,"column":2},"end":{"line":136,"column":4}},"21":{"start":{"line":47,"column":26},"end":{"line":47,"column":48}},"22":{"start":{"line":54,"column":26},"end":{"line":54,"column":52}},"23":{"start":{"line":66,"column":26},"end":{"line":66,"column":53}},"24":{"start":{"line":78,"column":8},"end":{"line":132,"column":14}},"25":{"start":{"line":110,"column":14},"end":{"line":110,"column":31}},"26":{"start":{"line":111,"column":26},"end":{"line":111,"column":78}},"27":{"start":{"line":112,"column":14},"end":{"line":112,"column":24}}},"fnMap":{"0":{"name":"FavoriteRecipes","decl":{"start":{"line":12,"column":24},"end":{"line":12,"column":39}},"loc":{"start":{"line":12,"column":42},"end":{"line":137,"column":1}},"line":12},"1":{"name":"(anonymous_1)","decl":{"start":{"line":18,"column":12},"end":{"line":18,"column":13}},"loc":{"start":{"line":18,"column":18},"end":{"line":20,"column":3}},"line":18},"2":{"name":"(anonymous_2)","decl":{"start":{"line":22,"column":12},"end":{"line":22,"column":13}},"loc":{"start":{"line":22,"column":18},"end":{"line":25,"column":3}},"line":22},"3":{"name":"(anonymous_3)","decl":{"start":{"line":27,"column":29},"end":{"line":27,"column":30}},"loc":{"start":{"line":27,"column":38},"end":{"line":31,"column":3}},"line":27},"4":{"name":"(anonymous_4)","decl":{"start":{"line":29,"column":59},"end":{"line":29,"column":60}},"loc":{"start":{"line":29,"column":67},"end":{"line":29,"column":88}},"line":29},"5":{"name":"(anonymous_5)","decl":{"start":{"line":33,"column":27},"end":{"line":33,"column":28}},"loc":{"start":{"line":33,"column":38},"end":{"line":38,"column":3}},"line":33},"6":{"name":"(anonymous_6)","decl":{"start":{"line":35,"column":43},"end":{"line":35,"column":44}},"loc":{"start":{"line":35,"column":55},"end":{"line":35,"column":74}},"line":35},"7":{"name":"(anonymous_7)","decl":{"start":{"line":47,"column":20},"end":{"line":47,"column":21}},"loc":{"start":{"line":47,"column":26},"end":{"line":47,"column":48}},"line":47},"8":{"name":"(anonymous_8)","decl":{"start":{"line":54,"column":20},"end":{"line":54,"column":21}},"loc":{"start":{"line":54,"column":26},"end":{"line":54,"column":52}},"line":54},"9":{"name":"(anonymous_9)","decl":{"start":{"line":66,"column":20},"end":{"line":66,"column":21}},"loc":{"start":{"line":66,"column":26},"end":{"line":66,"column":53}},"line":66},"10":{"name":"(anonymous_10)","decl":{"start":{"line":77,"column":20},"end":{"line":77,"column":21}},"loc":{"start":{"line":78,"column":8},"end":{"line":132,"column":14}},"line":78},"11":{"name":"(anonymous_11)","decl":{"start":{"line":109,"column":22},"end":{"line":109,"column":23}},"loc":{"start":{"line":109,"column":28},"end":{"line":113,"column":13}},"line":109}},"branchMap":{"0":{"loc":{"start":{"line":23,"column":40},"end":{"line":23,"column":87}},"type":"binary-expr","locations":[{"start":{"line":23,"column":40},"end":{"line":23,"column":79}},{"start":{"line":23,"column":83},"end":{"line":23,"column":87}}],"line":23},"1":{"loc":{"start":{"line":87,"column":12},"end":{"line":101,"column":13}},"type":"cond-expr","locations":[{"start":{"line":89,"column":14},"end":{"line":95,"column":19}},{"start":{"line":98,"column":14},"end":{"line":100,"column":19}}],"line":87},"2":{"loc":{"start":{"line":121,"column":11},"end":{"line":121,"column":41}},"type":"binary-expr","locations":[{"start":{"line":121,"column":11},"end":{"line":121,"column":18}},{"start":{"line":121,"column":22},"end":{"line":121,"column":41}}],"line":121}},"s":{"0":15,"1":17,"2":17,"3":17,"4":17,"5":6,"6":17,"7":6,"8":6,"9":17,"10":3,"11":3,"12":6,"13":3,"14":17,"15":1,"16":1,"17":2,"18":1,"19":1,"20":17,"21":1,"22":1,"23":1,"24":13,"25":1,"26":1,"27":1},"f":{"0":17,"1":6,"2":6,"3":3,"4":6,"5":1,"6":2,"7":1,"8":1,"9":1,"10":13,"11":1},"b":{"0":[6,3],"1":[6,7],"2":[13,2]},"_coverageSchema":"1a1c01bbd47fc00a2c39e90264f33305004495a9","hash":"ac2fa38160f15cc6fe15adc57cacf868bd6edcbe"}
,"/home/gabriela/Documents/Trybe/Projetos/sd-025-a-project-recipes-app/src/pages/Login.js": {"path":"/home/gabriela/Documents/Trybe/Projetos/sd-025-a-project-recipes-app/src/pages/Login.js","statementMap":{"0":{"start":{"line":6,"column":18},"end":{"line":6,"column":30}},"1":{"start":{"line":7,"column":28},"end":{"line":7,"column":40}},"2":{"start":{"line":8,"column":34},"end":{"line":8,"column":46}},"3":{"start":{"line":9,"column":34},"end":{"line":9,"column":48}},"4":{"start":{"line":11,"column":2},"end":{"line":19,"column":24}},"5":{"start":{"line":12,"column":4},"end":{"line":12,"column":22}},"6":{"start":{"line":13,"column":23},"end":{"line":13,"column":71}},"7":{"start":{"line":14,"column":16},"end":{"line":14,"column":17}},"8":{"start":{"line":15,"column":29},"end":{"line":15,"column":50}},"9":{"start":{"line":16,"column":4},"end":{"line":18,"column":5}},"10":{"start":{"line":17,"column":6},"end":{"line":17,"column":25}},"11":{"start":{"line":21,"column":2},"end":{"line":52,"column":4}},"12":{"start":{"line":28,"column":28},"end":{"line":28,"column":52}},"13":{"start":{"line":36,"column":28},"end":{"line":36,"column":55}},"14":{"start":{"line":44,"column":10},"end":{"line":44,"column":42}},"15":{"start":{"line":45,"column":10},"end":{"line":45,"column":34}}},"fnMap":{"0":{"name":"Login","decl":{"start":{"line":5,"column":24},"end":{"line":5,"column":29}},"loc":{"start":{"line":5,"column":32},"end":{"line":53,"column":1}},"line":5},"1":{"name":"(anonymous_1)","decl":{"start":{"line":11,"column":12},"end":{"line":11,"column":13}},"loc":{"start":{"line":11,"column":18},"end":{"line":19,"column":3}},"line":11},"2":{"name":"(anonymous_2)","decl":{"start":{"line":28,"column":21},"end":{"line":28,"column":22}},"loc":{"start":{"line":28,"column":28},"end":{"line":28,"column":52}},"line":28},"3":{"name":"(anonymous_3)","decl":{"start":{"line":36,"column":21},"end":{"line":36,"column":22}},"loc":{"start":{"line":36,"column":28},"end":{"line":36,"column":55}},"line":36},"4":{"name":"(anonymous_4)","decl":{"start":{"line":43,"column":18},"end":{"line":43,"column":19}},"loc":{"start":{"line":43,"column":24},"end":{"line":46,"column":9}},"line":43}},"branchMap":{"0":{"loc":{"start":{"line":16,"column":4},"end":{"line":18,"column":5}},"type":"if","locations":[{"start":{"line":16,"column":4},"end":{"line":18,"column":5}},{"start":{},"end":{}}],"line":16},"1":{"loc":{"start":{"line":16,"column":8},"end":{"line":16,"column":38}},"type":"binary-expr","locations":[{"start":{"line":16,"column":8},"end":{"line":16,"column":18}},{"start":{"line":16,"column":22},"end":{"line":16,"column":38}}],"line":16}},"s":{"0":85,"1":85,"2":85,"3":85,"4":85,"5":62,"6":62,"7":62,"8":62,"9":62,"10":1,"11":85,"12":16,"13":7,"14":1,"15":1},"f":{"0":85,"1":62,"2":16,"3":7,"4":1},"b":{"0":[1,61],"1":[62,9]},"_coverageSchema":"1a1c01bbd47fc00a2c39e90264f33305004495a9","hash":"9ff75ca56233863040d5091498f9f0ce9f83b425"}
,"/home/gabriela/Documents/Trybe/Projetos/sd-025-a-project-recipes-app/src/pages/Meals.js": {"path":"/home/gabriela/Documents/Trybe/Projetos/sd-025-a-project-recipes-app/src/pages/Meals.js","statementMap":{"0":{"start":{"line":11,"column":17},"end":{"line":11,"column":19}},"1":{"start":{"line":12,"column":15},"end":{"line":12,"column":16}},"2":{"start":{"line":16,"column":38},"end":{"line":16,"column":64}},"3":{"start":{"line":18,"column":23},"end":{"line":30,"column":3}},"4":{"start":{"line":19,"column":4},"end":{"line":29,"column":5}},"5":{"start":{"line":20,"column":6},"end":{"line":20,"column":33}},"6":{"start":{"line":21,"column":6},"end":{"line":22,"column":52}},"7":{"start":{"line":22,"column":24},"end":{"line":22,"column":50}},"8":{"start":{"line":23,"column":6},"end":{"line":23,"column":29}},"9":{"start":{"line":25,"column":6},"end":{"line":25,"column":28}},"10":{"start":{"line":26,"column":6},"end":{"line":27,"column":52}},"11":{"start":{"line":27,"column":24},"end":{"line":27,"column":50}},"12":{"start":{"line":28,"column":6},"end":{"line":28,"column":28}},"13":{"start":{"line":32,"column":2},"end":{"line":36,"column":45}},"14":{"start":{"line":33,"column":4},"end":{"line":33,"column":22}},"15":{"start":{"line":34,"column":4},"end":{"line":34,"column":68}},"16":{"start":{"line":34,"column":42},"end":{"line":34,"column":66}},"17":{"start":{"line":35,"column":4},"end":{"line":35,"column":62}},"18":{"start":{"line":35,"column":34},"end":{"line":35,"column":60}},"19":{"start":{"line":38,"column":2},"end":{"line":86,"column":4}},"20":{"start":{"line":46,"column":14},"end":{"line":55,"column":23}},"21":{"start":{"line":62,"column":14},"end":{"line":62,"column":33}},"22":{"start":{"line":71,"column":12},"end":{"line":80,"column":18}}},"fnMap":{"0":{"name":"Meals","decl":{"start":{"line":10,"column":24},"end":{"line":10,"column":29}},"loc":{"start":{"line":10,"column":32},"end":{"line":87,"column":1}},"line":10},"1":{"name":"(anonymous_1)","decl":{"start":{"line":18,"column":23},"end":{"line":18,"column":24}},"loc":{"start":{"line":18,"column":39},"end":{"line":30,"column":3}},"line":18},"2":{"name":"(anonymous_2)","decl":{"start":{"line":22,"column":14},"end":{"line":22,"column":15}},"loc":{"start":{"line":22,"column":24},"end":{"line":22,"column":50}},"line":22},"3":{"name":"(anonymous_3)","decl":{"start":{"line":27,"column":14},"end":{"line":27,"column":15}},"loc":{"start":{"line":27,"column":24},"end":{"line":27,"column":50}},"line":27},"4":{"name":"(anonymous_4)","decl":{"start":{"line":32,"column":12},"end":{"line":32,"column":13}},"loc":{"start":{"line":32,"column":18},"end":{"line":36,"column":3}},"line":32},"5":{"name":"(anonymous_5)","decl":{"start":{"line":34,"column":30},"end":{"line":34,"column":31}},"loc":{"start":{"line":34,"column":42},"end":{"line":34,"column":66}},"line":34},"6":{"name":"(anonymous_6)","decl":{"start":{"line":35,"column":24},"end":{"line":35,"column":25}},"loc":{"start":{"line":35,"column":34},"end":{"line":35,"column":60}},"line":35},"7":{"name":"(anonymous_7)","decl":{"start":{"line":45,"column":42},"end":{"line":45,"column":43}},"loc":{"start":{"line":46,"column":14},"end":{"line":55,"column":23}},"line":46},"8":{"name":"(anonymous_8)","decl":{"start":{"line":61,"column":22},"end":{"line":61,"column":23}},"loc":{"start":{"line":61,"column":28},"end":{"line":63,"column":13}},"line":61},"9":{"name":"(anonymous_9)","decl":{"start":{"line":70,"column":45},"end":{"line":70,"column":46}},"loc":{"start":{"line":71,"column":12},"end":{"line":80,"column":18}},"line":71}},"branchMap":{"0":{"loc":{"start":{"line":19,"column":4},"end":{"line":29,"column":5}},"type":"if","locations":[{"start":{"line":19,"column":4},"end":{"line":29,"column":5}},{"start":{"line":24,"column":11},"end":{"line":29,"column":5}}],"line":19},"1":{"loc":{"start":{"line":44,"column":12},"end":{"line":55,"column":25}},"type":"binary-expr","locations":[{"start":{"line":44,"column":12},"end":{"line":44,"column":30}},{"start":{"line":45,"column":15},"end":{"line":55,"column":25}}],"line":44},"2":{"loc":{"start":{"line":69,"column":9},"end":{"line":81,"column":26}},"type":"cond-expr","locations":[{"start":{"line":70,"column":12},"end":{"line":81,"column":12}},{"start":{"line":81,"column":15},"end":{"line":81,"column":26}}],"line":69},"3":{"loc":{"start":{"line":69,"column":10},"end":{"line":69,"column":50}},"type":"binary-expr","locations":[{"start":{"line":69,"column":10},"end":{"line":69,"column":33}},{"start":{"line":69,"column":37},"end":{"line":69,"column":50}}],"line":69}},"s":{"0":38,"1":38,"2":38,"3":38,"4":6,"5":5,"6":5,"7":5,"8":5,"9":1,"10":1,"11":1,"12":1,"13":38,"14":8,"15":8,"16":4,"17":8,"18":4,"19":38,"20":80,"21":1,"22":69},"f":{"0":38,"1":6,"2":5,"3":1,"4":8,"5":4,"6":4,"7":80,"8":1,"9":69},"b":{"0":[5,1],"1":[38,16],"2":[8,30],"3":[38,9]},"_coverageSchema":"1a1c01bbd47fc00a2c39e90264f33305004495a9","hash":"f2d0240cdb9aea962b1415a9075d80ccfe871bec"}
,"/home/gabriela/Documents/Trybe/Projetos/sd-025-a-project-recipes-app/src/pages/Profile.js": {"path":"/home/gabriela/Documents/Trybe/Projetos/sd-025-a-project-recipes-app/src/pages/Profile.js","statementMap":{"0":{"start":{"line":8,"column":18},"end":{"line":8,"column":30}},"1":{"start":{"line":9,"column":23},"end":{"line":9,"column":49}},"2":{"start":{"line":10,"column":2},"end":{"line":12,"column":17}},"3":{"start":{"line":11,"column":4},"end":{"line":11,"column":24}},"4":{"start":{"line":13,"column":15},"end":{"line":13,"column":55}},"5":{"start":{"line":15,"column":25},"end":{"line":18,"column":3}},"6":{"start":{"line":16,"column":4},"end":{"line":16,"column":25}},"7":{"start":{"line":17,"column":4},"end":{"line":17,"column":23}},"8":{"start":{"line":20,"column":2},"end":{"line":51,"column":4}},"9":{"start":{"line":26,"column":10},"end":{"line":26,"column":41}},"10":{"start":{"line":35,"column":10},"end":{"line":35,"column":45}}},"fnMap":{"0":{"name":"Profile","decl":{"start":{"line":7,"column":24},"end":{"line":7,"column":31}},"loc":{"start":{"line":7,"column":34},"end":{"line":52,"column":1}},"line":7},"1":{"name":"(anonymous_1)","decl":{"start":{"line":10,"column":12},"end":{"line":10,"column":13}},"loc":{"start":{"line":10,"column":18},"end":{"line":12,"column":3}},"line":10},"2":{"name":"(anonymous_2)","decl":{"start":{"line":15,"column":25},"end":{"line":15,"column":26}},"loc":{"start":{"line":15,"column":31},"end":{"line":18,"column":3}},"line":15},"3":{"name":"(anonymous_3)","decl":{"start":{"line":25,"column":18},"end":{"line":25,"column":19}},"loc":{"start":{"line":25,"column":24},"end":{"line":27,"column":9}},"line":25},"4":{"name":"(anonymous_4)","decl":{"start":{"line":34,"column":18},"end":{"line":34,"column":19}},"loc":{"start":{"line":34,"column":24},"end":{"line":36,"column":9}},"line":34}},"branchMap":{},"s":{"0":8,"1":8,"2":8,"3":4,"4":8,"5":8,"6":1,"7":1,"8":8,"9":1,"10":1},"f":{"0":8,"1":4,"2":1,"3":1,"4":1},"b":{},"_coverageSchema":"1a1c01bbd47fc00a2c39e90264f33305004495a9","hash":"1e5bb57f5e9becf7fede4a696a63b7c1e06516fa"}
,"/home/gabriela/Documents/Trybe/Projetos/sd-025-a-project-recipes-app/src/pages/RecipeInProgress.js": {"path":"/home/gabriela/Documents/Trybe/Projetos/sd-025-a-project-recipes-app/src/pages/RecipeInProgress.js","statementMap":{"0":{"start":{"line":7,"column":19},"end":{"line":7,"column":32}},"1":{"start":{"line":8,"column":23},"end":{"line":8,"column":54}},"2":{"start":{"line":10,"column":2},"end":{"line":27,"column":4}}},"fnMap":{"0":{"name":"RecipeInProgress","decl":{"start":{"line":6,"column":24},"end":{"line":6,"column":40}},"loc":{"start":{"line":6,"column":43},"end":{"line":28,"column":1}},"line":6}},"branchMap":{"0":{"loc":{"start":{"line":12,"column":7},"end":{"line":17,"column":7}},"type":"binary-expr","locations":[{"start":{"line":12,"column":7},"end":{"line":12,"column":31}},{"start":{"line":14,"column":8},"end":{"line":16,"column":14}}],"line":12},"1":{"loc":{"start":{"line":18,"column":7},"end":{"line":24,"column":7}},"type":"binary-expr","locations":[{"start":{"line":18,"column":7},"end":{"line":18,"column":32}},{"start":{"line":21,"column":8},"end":{"line":23,"column":14}}],"line":18}},"s":{"0":17,"1":14,"2":14},"f":{"0":17},"b":{"0":[14,7],"1":[14,7]},"_coverageSchema":"1a1c01bbd47fc00a2c39e90264f33305004495a9","hash":"eec1d29efcb436b22abaf7e2bd09510df2adc84c"}
,"/home/gabriela/Documents/Trybe/Projetos/sd-025-a-project-recipes-app/src/pages/Recipes.js": {"path":"/home/gabriela/Documents/Trybe/Projetos/sd-025-a-project-recipes-app/src/pages/Recipes.js","statementMap":{"0":{"start":{"line":5,"column":15},"end":{"line":5,"column":17}},"1":{"start":{"line":8,"column":26},"end":{"line":8,"column":52}},"2":{"start":{"line":9,"column":19},"end":{"line":9,"column":32}},"3":{"start":{"line":11,"column":2},"end":{"line":44,"column":4}},"4":{"start":{"line":16,"column":10},"end":{"line":25,"column":16}},"5":{"start":{"line":31,"column":10},"end":{"line":40,"column":16}}},"fnMap":{"0":{"name":"Recipes","decl":{"start":{"line":7,"column":24},"end":{"line":7,"column":31}},"loc":{"start":{"line":7,"column":34},"end":{"line":45,"column":1}},"line":7},"1":{"name":"(anonymous_1)","decl":{"start":{"line":15,"column":44},"end":{"line":15,"column":45}},"loc":{"start":{"line":16,"column":10},"end":{"line":25,"column":16}},"line":16},"2":{"name":"(anonymous_2)","decl":{"start":{"line":30,"column":44},"end":{"line":30,"column":45}},"loc":{"start":{"line":31,"column":10},"end":{"line":40,"column":16}},"line":31}},"branchMap":{"0":{"loc":{"start":{"line":14,"column":9},"end":{"line":26,"column":10}},"type":"binary-expr","locations":[{"start":{"line":14,"column":10},"end":{"line":14,"column":41}},{"start":{"line":15,"column":11},"end":{"line":26,"column":10}}],"line":14},"1":{"loc":{"start":{"line":29,"column":9},"end":{"line":41,"column":10}},"type":"binary-expr","locations":[{"start":{"line":29,"column":10},"end":{"line":29,"column":40}},{"start":{"line":29,"column":44},"end":{"line":29,"column":66}},{"start":{"line":30,"column":11},"end":{"line":41,"column":10}}],"line":29}},"s":{"0":15,"1":58,"2":58,"3":58,"4":60,"5":60},"f":{"0":58,"1":60,"2":60},"b":{"0":[58,28],"1":[58,30,5]},"_coverageSchema":"1a1c01bbd47fc00a2c39e90264f33305004495a9","hash":"b5a00d4e0be6a45a4d2fa001085e1ef92b9df52f"}
,"/home/gabriela/Documents/Trybe/Projetos/sd-025-a-project-recipes-app/src/service/LocalStorage.js": {"path":"/home/gabriela/Documents/Trybe/Projetos/sd-025-a-project-recipes-app/src/service/LocalStorage.js","statementMap":{"0":{"start":{"line":1,"column":36},"end":{"line":3,"column":1}},"1":{"start":{"line":2,"column":2},"end":{"line":2,"column":54}},"2":{"start":{"line":5,"column":48},"end":{"line":7,"column":1}},"3":{"start":{"line":6,"column":2},"end":{"line":6,"column":67}},"4":{"start":{"line":9,"column":43},"end":{"line":11,"column":1}},"5":{"start":{"line":10,"column":2},"end":{"line":10,"column":61}}},"fnMap":{"0":{"name":"(anonymous_0)","decl":{"start":{"line":1,"column":36},"end":{"line":1,"column":37}},"loc":{"start":{"line":1,"column":47},"end":{"line":3,"column":1}},"line":1},"1":{"name":"(anonymous_1)","decl":{"start":{"line":5,"column":48},"end":{"line":5,"column":49}},"loc":{"start":{"line":5,"column":59},"end":{"line":7,"column":1}},"line":5},"2":{"name":"(anonymous_2)","decl":{"start":{"line":9,"column":43},"end":{"line":9,"column":44}},"loc":{"start":{"line":9,"column":54},"end":{"line":11,"column":1}},"line":9}},"branchMap":{},"s":{"0":15,"1":1,"2":15,"3":56,"4":15,"5":4},"f":{"0":1,"1":56,"2":4},"b":{},"_coverageSchema":"1a1c01bbd47fc00a2c39e90264f33305004495a9","hash":"d8e15c405b2d7e38d36d67f61381c2a27a673315"}
,"/home/gabriela/Documents/Trybe/Projetos/sd-025-a-project-recipes-app/src/service/RequestAPI.js": {"path":"/home/gabriela/Documents/Trybe/Projetos/sd-025-a-project-recipes-app/src/service/RequestAPI.js","statementMap":{"0":{"start":{"line":1,"column":39},"end":{"line":6,"column":1}},"1":{"start":{"line":2,"column":19},"end":{"line":2,"column":87}},"2":{"start":{"line":3,"column":18},"end":{"line":3,"column":39}},"3":{"start":{"line":4,"column":15},"end":{"line":4,"column":35}},"4":{"start":{"line":5,"column":2},"end":{"line":5,"column":14}},"5":{"start":{"line":8,"column":33},"end":{"line":13,"column":1}},"6":{"start":{"line":9,"column":19},"end":{"line":9,"column":81}},"7":{"start":{"line":10,"column":18},"end":{"line":10,"column":39}},"8":{"start":{"line":11,"column":15},"end":{"line":11,"column":35}},"9":{"start":{"line":12,"column":2},"end":{"line":12,"column":14}},"10":{"start":{"line":15,"column":40},"end":{"line":20,"column":1}},"11":{"start":{"line":16,"column":19},"end":{"line":16,"column":88}},"12":{"start":{"line":17,"column":18},"end":{"line":17,"column":39}},"13":{"start":{"line":18,"column":15},"end":{"line":18,"column":35}},"14":{"start":{"line":19,"column":2},"end":{"line":19,"column":14}},"15":{"start":{"line":22,"column":40},"end":{"line":27,"column":1}},"16":{"start":{"line":23,"column":19},"end":{"line":23,"column":91}},"17":{"start":{"line":24,"column":18},"end":{"line":24,"column":39}},"18":{"start":{"line":25,"column":15},"end":{"line":25,"column":35}},"19":{"start":{"line":26,"column":2},"end":{"line":26,"column":14}},"20":{"start":{"line":29,"column":34},"end":{"line":34,"column":1}},"21":{"start":{"line":30,"column":19},"end":{"line":30,"column":85}},"22":{"start":{"line":31,"column":18},"end":{"line":31,"column":39}},"23":{"start":{"line":32,"column":15},"end":{"line":32,"column":35}},"24":{"start":{"line":33,"column":2},"end":{"line":33,"column":14}},"25":{"start":{"line":36,"column":41},"end":{"line":41,"column":1}},"26":{"start":{"line":37,"column":19},"end":{"line":37,"column":92}},"27":{"start":{"line":38,"column":18},"end":{"line":38,"column":39}},"28":{"start":{"line":39,"column":15},"end":{"line":39,"column":35}},"29":{"start":{"line":40,"column":2},"end":{"line":40,"column":14}},"30":{"start":{"line":43,"column":29},"end":{"line":48,"column":1}},"31":{"start":{"line":44,"column":19},"end":{"line":44,"column":78}},"32":{"start":{"line":45,"column":18},"end":{"line":45,"column":39}},"33":{"start":{"line":46,"column":15},"end":{"line":46,"column":35}},"34":{"start":{"line":47,"column":2},"end":{"line":47,"column":14}},"35":{"start":{"line":50,"column":28},"end":{"line":55,"column":1}},"36":{"start":{"line":51,"column":19},"end":{"line":51,"column":74}},"37":{"start":{"line":52,"column":18},"end":{"line":52,"column":39}},"38":{"start":{"line":53,"column":15},"end":{"line":53,"column":35}},"39":{"start":{"line":54,"column":2},"end":{"line":54,"column":14}},"40":{"start":{"line":57,"column":34},"end":{"line":62,"column":1}},"41":{"start":{"line":58,"column":19},"end":{"line":58,"column":76}},"42":{"start":{"line":59,"column":18},"end":{"line":59,"column":39}},"43":{"start":{"line":60,"column":15},"end":{"line":60,"column":35}},"44":{"start":{"line":61,"column":2},"end":{"line":61,"column":14}},"45":{"start":{"line":64,"column":35},"end":{"line":69,"column":1}},"46":{"start":{"line":65,"column":19},"end":{"line":65,"column":80}},"47":{"start":{"line":66,"column":18},"end":{"line":66,"column":39}},"48":{"start":{"line":67,"column":15},"end":{"line":67,"column":35}},"49":{"start":{"line":68,"column":2},"end":{"line":68,"column":14}},"50":{"start":{"line":71,"column":44},"end":{"line":76,"column":1}},"51":{"start":{"line":72,"column":19},"end":{"line":72,"column":87}},"52":{"start":{"line":73,"column":18},"end":{"line":73,"column":39}},"53":{"start":{"line":74,"column":15},"end":{"line":74,"column":35}},"54":{"start":{"line":75,"column":2},"end":{"line":75,"column":14}},"55":{"start":{"line":78,"column":43},"end":{"line":83,"column":1}},"56":{"start":{"line":79,"column":19},"end":{"line":79,"column":83}},"57":{"start":{"line":80,"column":18},"end":{"line":80,"column":39}},"58":{"start":{"line":81,"column":15},"end":{"line":81,"column":35}},"59":{"start":{"line":82,"column":2},"end":{"line":82,"column":14}}},"fnMap":{"0":{"name":"(anonymous_0)","decl":{"start":{"line":1,"column":39},"end":{"line":1,"column":40}},"loc":{"start":{"line":1,"column":61},"end":{"line":6,"column":1}},"line":1},"1":{"name":"(anonymous_1)","decl":{"start":{"line":8,"column":33},"end":{"line":8,"column":34}},"loc":{"start":{"line":8,"column":49},"end":{"line":13,"column":1}},"line":8},"2":{"name":"(anonymous_2)","decl":{"start":{"line":15,"column":40},"end":{"line":15,"column":41}},"loc":{"start":{"line":15,"column":63},"end":{"line":20,"column":1}},"line":15},"3":{"name":"(anonymous_3)","decl":{"start":{"line":22,"column":40},"end":{"line":22,"column":41}},"loc":{"start":{"line":22,"column":62},"end":{"line":27,"column":1}},"line":22},"4":{"name":"(anonymous_4)","decl":{"start":{"line":29,"column":34},"end":{"line":29,"column":35}},"loc":{"start":{"line":29,"column":50},"end":{"line":34,"column":1}},"line":29},"5":{"name":"(anonymous_5)","decl":{"start":{"line":36,"column":41},"end":{"line":36,"column":42}},"loc":{"start":{"line":36,"column":64},"end":{"line":41,"column":1}},"line":36},"6":{"name":"(anonymous_6)","decl":{"start":{"line":43,"column":29},"end":{"line":43,"column":30}},"loc":{"start":{"line":43,"column":41},"end":{"line":48,"column":1}},"line":43},"7":{"name":"(anonymous_7)","decl":{"start":{"line":50,"column":28},"end":{"line":50,"column":29}},"loc":{"start":{"line":50,"column":40},"end":{"line":55,"column":1}},"line":50},"8":{"name":"(anonymous_8)","decl":{"start":{"line":57,"column":34},"end":{"line":57,"column":35}},"loc":{"start":{"line":57,"column":46},"end":{"line":62,"column":1}},"line":57},"9":{"name":"(anonymous_9)","decl":{"start":{"line":64,"column":35},"end":{"line":64,"column":36}},"loc":{"start":{"line":64,"column":47},"end":{"line":69,"column":1}},"line":64},"10":{"name":"(anonymous_10)","decl":{"start":{"line":71,"column":44},"end":{"line":71,"column":45}},"loc":{"start":{"line":71,"column":62},"end":{"line":76,"column":1}},"line":71},"11":{"name":"(anonymous_11)","decl":{"start":{"line":78,"column":43},"end":{"line":78,"column":44}},"loc":{"start":{"line":78,"column":61},"end":{"line":83,"column":1}},"line":78}},"branchMap":{},"s":{"0":15,"1":2,"2":2,"3":2,"4":2,"5":15,"6":0,"7":0,"8":0,"9":0,"10":15,"11":0,"12":0,"13":0,"14":0,"15":15,"16":1,"17":1,"18":1,"19":1,"20":15,"21":2,"22":2,"23":2,"24":2,"25":15,"26":0,"27":0,"28":0,"29":0,"30":15,"31":6,"32":6,"33":4,"34":4,"35":15,"36":8,"37":8,"38":4,"39":4,"40":15,"41":8,"42":8,"43":4,"44":4,"45":15,"46":6,"47":6,"48":4,"49":4,"50":15,"51":6,"52":6,"53":6,"54":6,"55":15,"56":6,"57":6,"58":6,"59":6},"f":{"0":2,"1":0,"2":0,"3":1,"4":2,"5":0,"6":6,"7":8,"8":8,"9":6,"10":6,"11":6},"b":{},"_coverageSchema":"1a1c01bbd47fc00a2c39e90264f33305004495a9","hash":"3527eca35a16b5dd2fbe1c8472990c3296cef69e"}
}
