{"total": {"lines":{"total":515,"covered":503,"skipped":0,"pct":97.66},"statements":{"total":537,"covered":525,"skipped":0,"pct":97.76},"functions":{"total":151,"covered":148,"skipped":0,"pct":98.01},"branches":{"total":191,"covered":189,"skipped":0,"pct":98.95},"branchesTrue":{"total":0,"covered":0,"skipped":0,"pct":100}}
,"/home/gabriela/Documents/Trybe/Projetos/sd-025-a-project-recipes-app/src/App.js": {"lines":{"total":3,"covered":3,"skipped":0,"pct":100},"functions":{"total":3,"covered":3,"skipped":0,"pct":100},"statements":{"total":3,"covered":3,"skipped":0,"pct":100},"branches":{"total":0,"covered":0,"skipped":0,"pct":100}}
,"/home/gabriela/Documents/Trybe/Projetos/sd-025-a-project-recipes-app/src/components/DrinksInProgress.js": {"lines":{"total":49,"covered":49,"skipped":0,"pct":100},"functions":{"total":11,"covered":11,"skipped":0,"pct":100},"statements":{"total":52,"covered":52,"skipped":0,"pct":100},"branches":{"total":20,"covered":20,"skipped":0,"pct":100}}
,"/home/gabriela/Documents/Trybe/Projetos/sd-025-a-project-recipes-app/src/components/Footer.js": {"lines":{"total":4,"covered":4,"skipped":0,"pct":100},"functions":{"total":3,"covered":3,"skipped":0,"pct":100},"statements":{"total":4,"covered":4,"skipped":0,"pct":100},"branches":{"total":0,"covered":0,"skipped":0,"pct":100}}
,"/home/gabriela/Documents/Trybe/Projetos/sd-025-a-project-recipes-app/src/components/Header.js": {"lines":{"total":5,"covered":5,"skipped":0,"pct":100},"functions":{"total":3,"covered":3,"skipped":0,"pct":100},"statements":{"total":5,"covered":5,"skipped":0,"pct":100},"branches":{"total":7,"covered":7,"skipped":0,"pct":100}}
,"/home/gabriela/Documents/Trybe/Projetos/sd-025-a-project-recipes-app/src/components/IngredientsProgress.js": {"lines":{"total":69,"covered":69,"skipped":0,"pct":100},"functions":{"total":15,"covered":15,"skipped":0,"pct":100},"statements":{"total":72,"covered":72,"skipped":0,"pct":100},"branches":{"total":31,"covered":31,"skipped":0,"pct":100}}
,"/home/gabriela/Documents/Trybe/Projetos/sd-025-a-project-recipes-app/src/components/MealsInProgress.js": {"lines":{"total":49,"covered":49,"skipped":0,"pct":100},"functions":{"total":11,"covered":11,"skipped":0,"pct":100},"statements":{"total":52,"covered":52,"skipped":0,"pct":100},"branches":{"total":20,"covered":20,"skipped":0,"pct":100}}
,"/home/gabriela/Documents/Trybe/Projetos/sd-025-a-project-recipes-app/src/components/RecipeCard.js": {"lines":{"total":0,"covered":0,"skipped":0,"pct":100},"functions":{"total":0,"covered":0,"skipped":0,"pct":100},"statements":{"total":0,"covered":0,"skipped":0,"pct":100},"branches":{"total":0,"covered":0,"skipped":0,"pct":100}}
,"/home/gabriela/Documents/Trybe/Projetos/sd-025-a-project-recipes-app/src/components/RecipeDetails.js": {"lines":{"total":91,"covered":91,"skipped":0,"pct":100},"functions":{"total":20,"covered":20,"skipped":0,"pct":100},"statements":{"total":97,"covered":97,"skipped":0,"pct":100},"branches":{"total":51,"covered":49,"skipped":0,"pct":96.07}}
,"/home/gabriela/Documents/Trybe/Projetos/sd-025-a-project-recipes-app/src/components/SearchBar.js": {"lines":{"total":34,"covered":34,"skipped":0,"pct":100},"functions":{"total":7,"covered":7,"skipped":0,"pct":100},"statements":{"total":34,"covered":34,"skipped":0,"pct":100},"branches":{"total":16,"covered":16,"skipped":0,"pct":100}}
,"/home/gabriela/Documents/Trybe/Projetos/sd-025-a-project-recipes-app/src/context/ContextRecipes.js": {"lines":{"total":1,"covered":1,"skipped":0,"pct":100},"functions":{"total":0,"covered":0,"skipped":0,"pct":100},"statements":{"total":1,"covered":1,"skipped":0,"pct":100},"branches":{"total":0,"covered":0,"skipped":0,"pct":100}}
,"/home/gabriela/Documents/Trybe/Projetos/sd-025-a-project-recipes-app/src/context/ProviderRecipes.js": {"lines":{"total":11,"covered":11,"skipped":0,"pct":100},"functions":{"total":2,"covered":2,"skipped":0,"pct":100},"statements":{"total":12,"covered":12,"skipped":0,"pct":100},"branches":{"total":0,"covered":0,"skipped":0,"pct":100}}
,"/home/gabriela/Documents/Trybe/Projetos/sd-025-a-project-recipes-app/src/helpers/RenderWithRouter.js": {"lines":{"total":2,"covered":2,"skipped":0,"pct":100},"functions":{"total":2,"covered":2,"skipped":0,"pct":100},"statements":{"total":2,"covered":2,"skipped":0,"pct":100},"branches":{"total":3,"covered":3,"skipped":0,"pct":100}}
,"/home/gabriela/Documents/Trybe/Projetos/sd-025-a-project-recipes-app/src/pages/DoneRecipes.js": {"lines":{"total":26,"covered":26,"skipped":0,"pct":100},"functions":{"total":13,"covered":13,"skipped":0,"pct":100},"statements":{"total":27,"covered":27,"skipped":0,"pct":100},"branches":{"total":8,"covered":8,"skipped":0,"pct":100}}
,"/home/gabriela/Documents/Trybe/Projetos/sd-025-a-project-recipes-app/src/pages/Drinks.js": {"lines":{"total":22,"covered":22,"skipped":0,"pct":100},"functions":{"total":10,"covered":10,"skipped":0,"pct":100},"statements":{"total":23,"covered":23,"skipped":0,"pct":100},"branches":{"total":8,"covered":8,"skipped":0,"pct":100}}
,"/home/gabriela/Documents/Trybe/Projetos/sd-025-a-project-recipes-app/src/pages/FavoriteRecipes.js": {"lines":{"total":26,"covered":26,"skipped":0,"pct":100},"functions":{"total":12,"covered":12,"skipped":0,"pct":100},"statements":{"total":28,"covered":28,"skipped":0,"pct":100},"branches":{"total":6,"covered":6,"skipped":0,"pct":100}}
,"/home/gabriela/Documents/Trybe/Projetos/sd-025-a-project-recipes-app/src/pages/Login.js": {"lines":{"total":16,"covered":16,"skipped":0,"pct":100},"functions":{"total":5,"covered":5,"skipped":0,"pct":100},"statements":{"total":16,"covered":16,"skipped":0,"pct":100},"branches":{"total":4,"covered":4,"skipped":0,"pct":100}}
,"/home/gabriela/Documents/Trybe/Projetos/sd-025-a-project-recipes-app/src/pages/Meals.js": {"lines":{"total":21,"covered":21,"skipped":0,"pct":100},"functions":{"total":10,"covered":10,"skipped":0,"pct":100},"statements":{"total":23,"covered":23,"skipped":0,"pct":100},"branches":{"total":8,"covered":8,"skipped":0,"pct":100}}
,"/home/gabriela/Documents/Trybe/Projetos/sd-025-a-project-recipes-app/src/pages/Profile.js": {"lines":{"total":11,"covered":11,"skipped":0,"pct":100},"functions":{"total":5,"covered":5,"skipped":0,"pct":100},"statements":{"total":11,"covered":11,"skipped":0,"pct":100},"branches":{"total":0,"covered":0,"skipped":0,"pct":100}}
,"/home/gabriela/Documents/Trybe/Projetos/sd-025-a-project-recipes-app/src/pages/RecipeInProgress.js": {"lines":{"total":3,"covered":3,"skipped":0,"pct":100},"functions":{"total":1,"covered":1,"skipped":0,"pct":100},"statements":{"total":3,"covered":3,"skipped":0,"pct":100},"branches":{"total":4,"covered":4,"skipped":0,"pct":100}}
,"/home/gabriela/Documents/Trybe/Projetos/sd-025-a-project-recipes-app/src/pages/Recipes.js": {"lines":{"total":6,"covered":6,"skipped":0,"pct":100},"functions":{"total":3,"covered":3,"skipped":0,"pct":100},"statements":{"total":6,"covered":6,"skipped":0,"pct":100},"branches":{"total":5,"covered":5,"skipped":0,"pct":100}}
,"/home/gabriela/Documents/Trybe/Projetos/sd-025-a-project-recipes-app/src/service/LocalStorage.js": {"lines":{"total":6,"covered":6,"skipped":0,"pct":100},"functions":{"total":3,"covered":3,"skipped":0,"pct":100},"statements":{"total":6,"covered":6,"skipped":0,"pct":100},"branches":{"total":0,"covered":0,"skipped":0,"pct":100}}
,"/home/gabriela/Documents/Trybe/Projetos/sd-025-a-project-recipes-app/src/service/RequestAPI.js": {"lines":{"total":60,"covered":48,"skipped":0,"pct":80},"functions":{"total":12,"covered":9,"skipped":0,"pct":75},"statements":{"total":60,"covered":48,"skipped":0,"pct":80},"branches":{"total":0,"covered":0,"skipped":0,"pct":100}}
}
