TN:
SF:src/App.js
FN:15,App
FN:25,(anonymous_1)
FN:30,(anonymous_2)
FNF:3
FNH:3
FNDA:45,App
FNDA:4,(anonymous_1)
FNDA:4,(anonymous_2)
DA:16,45
DA:25,4
DA:30,4
LF:3
LH:3
BRF:0
BRH:0
end_of_record
TN:
SF:src/components/DrinksInProgress.js
FN:13,DrinksInProgress
FN:24,(anonymous_1)
FN:31,(anonymous_2)
FN:37,(anonymous_3)
FN:41,(anonymous_4)
FN:43,(anonymous_5)
FN:62,(anonymous_6)
FN:69,(anonymous_7)
FN:88,(anonymous_8)
FN:90,(anonymous_9)
FN:94,(anonymous_10)
FNF:11
FNH:11
FNDA:22,DrinksInProgress
FNDA:7,(anonymous_1)
FNDA:2,(anonymous_2)
FNDA:7,(anonymous_3)
FNDA:11,(anonymous_4)
FNDA:1,(anonymous_5)
FNDA:2,(anonymous_6)
FNDA:2,(anonymous_7)
FNDA:3,(anonymous_8)
FNDA:1,(anonymous_9)
FNDA:1,(anonymous_10)
DA:11,15
DA:14,22
DA:15,21
DA:16,21
DA:17,21
DA:18,21
DA:19,21
DA:20,21
DA:21,21
DA:22,21
DA:24,21
DA:25,7
DA:26,7
DA:27,4
DA:28,4
DA:31,21
DA:32,2
DA:33,2
DA:34,2
DA:37,21
DA:38,7
DA:41,21
DA:42,11
DA:43,11
DA:44,1
DA:48,21
DA:50,21
DA:62,21
DA:63,2
DA:64,2
DA:65,2
DA:66,2
DA:69,21
DA:70,2
DA:71,1
DA:72,1
DA:73,1
DA:74,1
DA:76,1
DA:79,21
DA:88,21
DA:89,3
DA:90,3
DA:91,2
DA:92,2
DA:94,1
DA:95,1
DA:96,1
DA:99,21
LF:49
LH:49
BRDA:42,0,0,11
BRDA:42,0,1,9
BRDA:43,1,0,1
BRDA:43,1,1,10
BRDA:59,2,0,6
BRDA:59,2,1,15
BRDA:59,3,0,21
BRDA:59,3,1,17
BRDA:63,4,0,2
BRDA:63,4,1,2
BRDA:70,5,0,1
BRDA:70,5,1,1
BRDA:89,6,0,3
BRDA:89,6,1,2
BRDA:90,7,0,2
BRDA:90,7,1,1
BRDA:116,8,0,21
BRDA:116,8,1,1
BRDA:124,9,0,3
BRDA:124,9,1,18
BRF:20
BRH:20
end_of_record
TN:
SF:src/components/Footer.js
FN:6,Footer
FN:12,(anonymous_1)
FN:24,(anonymous_2)
FNF:3
FNH:3
FNDA:111,Footer
FNDA:1,(anonymous_1)
FNDA:1,(anonymous_2)
DA:7,111
DA:8,111
DA:13,1
DA:25,1
LF:4
LH:4
BRF:0
BRH:0
end_of_record
TN:
SF:src/components/Header.js
FN:8,Header
FN:22,(anonymous_1)
FN:40,(anonymous_2)
FNF:3
FNH:3
FNDA:128,Header
FNDA:1,(anonymous_1)
FNDA:5,(anonymous_2)
DA:11,128
DA:12,128
DA:14,128
DA:23,1
DA:41,5
LF:5
LH:5
BRDA:17,0,0,23
BRDA:17,0,1,105
BRDA:33,1,0,36
BRDA:33,1,1,92
BRDA:33,2,0,128
BRDA:33,2,1,110
BRDA:33,2,2,99
BRF:7
BRH:7
end_of_record
TN:
SF:src/components/IngredientsProgress.js
FN:8,IngredientProgress
FN:19,(anonymous_1)
FN:22,(anonymous_2)
FN:27,(anonymous_3)
FN:34,(anonymous_4)
FN:48,renderIngredients
FN:50,(anonymous_6)
FN:52,(anonymous_7)
FN:59,(anonymous_8)
FN:67,(anonymous_9)
FN:75,(anonymous_10)
FN:81,(anonymous_11)
FN:86,(anonymous_12)
FN:94,(anonymous_13)
FN:119,(anonymous_14)
FNF:15
FNH:15
FNDA:119,IngredientProgress
FNDA:52,(anonymous_1)
FNDA:90,(anonymous_2)
FNDA:21,(anonymous_3)
FNDA:52,(anonymous_4)
FNDA:232,renderIngredients
FNDA:8156,(anonymous_6)
FNDA:1215,(anonymous_7)
FNDA:145,(anonymous_8)
FNDA:33,(anonymous_9)
FNDA:3,(anonymous_10)
FNDA:3,(anonymous_11)
FNDA:29,(anonymous_12)
FNDA:33,(anonymous_13)
FNDA:503,(anonymous_14)
DA:9,119
DA:10,116
DA:11,116
DA:12,116
DA:14,116
DA:15,116
DA:16,116
DA:17,116
DA:19,116
DA:20,52
DA:21,52
DA:22,31
DA:23,90
DA:26,52
DA:27,21
DA:28,21
DA:31,52
DA:34,116
DA:36,52
DA:37,52
DA:38,52
DA:39,14
DA:40,14
DA:42,38
DA:44,52
DA:45,52
DA:49,232
DA:50,8156
DA:52,1215
DA:53,232
DA:56,116
DA:57,116
DA:59,116
DA:60,145
DA:61,145
DA:62,688
DA:64,145
DA:67,116
DA:68,33
DA:69,31
DA:71,33
DA:72,2
DA:73,2
DA:74,1
DA:75,3
DA:78,2
DA:79,1
DA:81,3
DA:86,116
DA:87,29
DA:88,5
DA:90,24
DA:94,116
DA:95,33
DA:96,33
DA:97,22
DA:98,4
DA:100,18
DA:102,18
DA:103,18
DA:105,33
DA:106,11
DA:107,4
DA:109,7
DA:112,11
DA:113,11
DA:117,116
DA:120,503
DA:144,15
LF:69
LH:69
BRDA:21,0,0,31
BRDA:21,0,1,21
BRDA:26,1,0,21
BRDA:26,1,1,31
BRDA:37,2,0,9
BRDA:37,2,1,43
BRDA:38,3,0,14
BRDA:38,3,1,38
BRDA:50,4,0,8156
BRDA:50,4,1,2840
BRDA:50,4,2,1894
BRDA:68,5,0,31
BRDA:68,5,1,2
BRDA:71,6,0,2
BRDA:71,6,1,31
BRDA:73,7,0,1
BRDA:73,7,1,1
BRDA:78,8,0,1
BRDA:78,8,1,1
BRDA:87,9,0,5
BRDA:87,9,1,24
BRDA:96,10,0,22
BRDA:96,10,1,11
BRDA:97,11,0,4
BRDA:97,11,1,18
BRDA:105,12,0,11
BRDA:105,12,1,22
BRDA:106,13,0,4
BRDA:106,13,1,7
BRDA:124,14,0,133
BRDA:124,14,1,370
BRF:31
BRH:31
end_of_record
TN:
SF:src/components/MealsInProgress.js
FN:13,MealsInProgress
FN:24,(anonymous_1)
FN:31,(anonymous_2)
FN:37,(anonymous_3)
FN:41,(anonymous_4)
FN:43,(anonymous_5)
FN:62,(anonymous_6)
FN:69,(anonymous_7)
FN:88,(anonymous_8)
FN:90,(anonymous_9)
FN:94,(anonymous_10)
FNF:11
FNH:11
FNDA:20,MealsInProgress
FNDA:7,(anonymous_1)
FNDA:2,(anonymous_2)
FNDA:7,(anonymous_3)
FNDA:11,(anonymous_4)
FNDA:1,(anonymous_5)
FNDA:2,(anonymous_6)
FNDA:2,(anonymous_7)
FNDA:2,(anonymous_8)
FNDA:1,(anonymous_9)
FNDA:1,(anonymous_10)
DA:11,15
DA:14,20
DA:15,18
DA:16,18
DA:17,18
DA:18,18
DA:19,18
DA:20,18
DA:21,18
DA:22,18
DA:24,18
DA:25,7
DA:26,7
DA:27,4
DA:28,4
DA:31,18
DA:32,2
DA:33,2
DA:34,2
DA:37,18
DA:38,7
DA:41,18
DA:42,11
DA:43,11
DA:44,1
DA:48,18
DA:50,18
DA:62,18
DA:63,2
DA:64,2
DA:65,2
DA:66,2
DA:69,18
DA:70,2
DA:71,1
DA:72,1
DA:73,1
DA:74,1
DA:76,1
DA:79,18
DA:88,18
DA:89,2
DA:90,2
DA:91,1
DA:92,1
DA:94,1
DA:95,1
DA:96,1
DA:100,18
LF:49
LH:49
BRDA:42,0,0,11
BRDA:42,0,1,9
BRDA:43,1,0,1
BRDA:43,1,1,10
BRDA:59,2,0,6
BRDA:59,2,1,12
BRDA:59,3,0,18
BRDA:59,3,1,16
BRDA:63,4,0,2
BRDA:63,4,1,2
BRDA:70,5,0,1
BRDA:70,5,1,1
BRDA:89,6,0,2
BRDA:89,6,1,1
BRDA:90,7,0,1
BRDA:90,7,1,1
BRDA:118,8,0,18
BRDA:118,8,1,1
BRDA:126,9,0,2
BRDA:126,9,1,16
BRF:20
BRH:20
end_of_record
TN:
SF:src/components/RecipeCard.js
FNF:0
FNH:0
LF:0
LH:0
BRF:0
BRH:0
end_of_record
TN:
SF:src/components/RecipeDetails.js
FN:14,RecipeDetails
FN:20,(anonymous_1)
FN:35,renderIngredients
FN:37,(anonymous_3)
FN:39,(anonymous_4)
FN:43,(anonymous_5)
FN:56,(anonymous_6)
FN:66,(anonymous_7)
FN:72,(anonymous_8)
FN:74,(anonymous_9)
FN:82,(anonymous_10)
FN:90,(anonymous_11)
FN:99,(anonymous_12)
FN:130,(anonymous_13)
FN:134,(anonymous_14)
FN:145,(anonymous_15)
FN:151,(anonymous_16)
FN:155,(anonymous_17)
FN:158,(anonymous_18)
FN:170,(anonymous_19)
FNF:20
FNH:20
FNDA:24,RecipeDetails
FNDA:8,(anonymous_1)
FNDA:40,renderIngredients
FNDA:416,(anonymous_3)
FNDA:78,(anonymous_4)
FNDA:8,(anonymous_5)
FNDA:4,(anonymous_6)
FNDA:8,(anonymous_7)
FNDA:10,(anonymous_8)
FNDA:2,(anonymous_9)
FNDA:20,(anonymous_10)
FNDA:2,(anonymous_11)
FNDA:4,(anonymous_12)
FNDA:1,(anonymous_13)
FNDA:1,(anonymous_14)
FNDA:48,(anonymous_15)
FNDA:8,(anonymous_16)
FNDA:20,(anonymous_17)
FNDA:46,(anonymous_18)
FNDA:12,(anonymous_19)
DA:11,15
DA:12,15
DA:15,24
DA:16,20
DA:17,20
DA:18,20
DA:19,20
DA:20,20
DA:21,8
DA:22,8
DA:23,8
DA:24,8
DA:25,4
DA:26,4
DA:27,8
DA:28,4
DA:29,4
DA:30,2
DA:32,2
DA:36,40
DA:37,416
DA:39,78
DA:40,40
DA:43,20
DA:44,8
DA:45,8
DA:46,8
DA:47,4
DA:48,4
DA:49,8
DA:50,3
DA:51,3
DA:52,2
DA:53,1
DA:56,20
DA:57,4
DA:58,4
DA:59,4
DA:60,2
DA:62,4
DA:63,2
DA:66,20
DA:67,8
DA:68,8
DA:69,8
DA:72,20
DA:73,10
DA:74,10
DA:75,2
DA:79,20
DA:80,20
DA:82,20
DA:83,20
DA:84,20
DA:85,46
DA:87,20
DA:90,20
DA:91,2
DA:92,2
DA:93,2
DA:94,2
DA:95,2
DA:96,2
DA:99,20
DA:100,4
DA:101,4
DA:102,4
DA:103,4
DA:104,4
DA:105,2
DA:106,1
DA:115,2
DA:116,1
DA:126,2
DA:127,2
DA:128,2
DA:129,2
DA:130,1
DA:131,1
DA:132,1
DA:133,2
DA:134,1
DA:135,1
DA:136,1
DA:141,20
DA:145,48
DA:151,8
DA:155,20
DA:159,46
DA:171,12
DA:219,15
LF:91
LH:91
BRDA:24,0,0,4
BRDA:24,0,1,4
BRDA:29,1,0,2
BRDA:29,1,1,2
BRDA:37,2,0,416
BRDA:37,2,1,140
BRDA:37,2,2,100
BRDA:46,3,0,4
BRDA:46,3,1,4
BRDA:51,4,0,2
BRDA:51,4,1,1
BRDA:59,5,0,2
BRDA:59,5,1,2
BRDA:62,6,0,2
BRDA:62,6,1,2
BRDA:73,7,0,10
BRDA:73,7,1,8
BRDA:74,8,0,2
BRDA:74,8,1,8
BRDA:74,9,0,2
BRDA:74,9,1,0
BRDA:102,10,0,4
BRDA:102,10,1,2
BRDA:104,11,0,2
BRDA:104,11,1,2
BRDA:105,12,0,1
BRDA:105,12,1,1
BRDA:115,13,0,1
BRDA:115,13,1,1
BRDA:128,14,0,2
BRDA:128,14,1,0
BRDA:129,15,0,1
BRDA:129,15,1,1
BRDA:133,16,0,1
BRDA:133,16,1,1
BRDA:154,17,0,20
BRDA:154,17,1,20
BRDA:167,18,0,20
BRDA:167,18,1,20
BRDA:172,19,0,12
BRDA:172,19,1,6
BRDA:176,20,0,12
BRDA:176,20,1,6
BRDA:177,21,0,12
BRDA:177,21,1,6
BRDA:181,22,0,12
BRDA:181,22,1,6
BRDA:209,23,0,4
BRDA:209,23,1,16
BRDA:214,24,0,20
BRDA:214,24,1,2
BRF:51
BRH:49
end_of_record
TN:
SF:src/components/SearchBar.js
FN:8,SearchBar
FN:30,(anonymous_1)
FN:34,(anonymous_2)
FN:43,(anonymous_3)
FN:50,(anonymous_4)
FN:60,(anonymous_5)
FN:83,(anonymous_6)
FNF:7
FNH:7
FNDA:67,SearchBar
FNDA:6,(anonymous_1)
FNDA:11,(anonymous_2)
FNDA:6,(anonymous_3)
FNDA:2,(anonymous_4)
FNDA:3,(anonymous_5)
FNDA:38,(anonymous_6)
DA:9,67
DA:10,67
DA:11,67
DA:15,67
DA:17,67
DA:23,67
DA:28,67
DA:29,67
DA:30,67
DA:31,6
DA:34,67
DA:35,11
DA:36,1
DA:38,11
DA:39,1
DA:43,67
DA:44,6
DA:45,1
DA:46,1
DA:48,5
DA:49,2
DA:51,2
DA:52,1
DA:53,1
DA:55,1
DA:58,5
DA:59,3
DA:61,3
DA:62,1
DA:63,1
DA:65,2
DA:71,5
DA:74,67
DA:83,38
LF:34
LH:34
BRDA:35,0,0,1
BRDA:35,0,1,10
BRDA:38,1,0,1
BRDA:38,1,1,10
BRDA:44,2,0,1
BRDA:44,2,1,5
BRDA:44,3,0,6
BRDA:44,3,1,1
BRDA:48,4,0,2
BRDA:48,4,1,3
BRDA:51,5,0,1
BRDA:51,5,1,1
BRDA:58,6,0,3
BRDA:58,6,1,2
BRDA:61,7,0,1
BRDA:61,7,1,2
BRF:16
BRH:16
end_of_record
TN:
SF:src/context/ContextRecipes.js
FNF:0
FNH:0
DA:3,15
LF:1
LH:1
BRF:0
BRH:0
end_of_record
TN:
SF:src/context/ProviderRecipes.js
FN:5,ProviderRecipes
FN:15,(anonymous_1)
FNF:2
FNH:2
FNDA:132,ProviderRecipes
FNDA:126,(anonymous_1)
DA:6,132
DA:7,132
DA:8,132
DA:9,132
DA:10,132
DA:11,132
DA:12,132
DA:13,132
DA:15,132
DA:37,132
DA:42,15
LF:11
LH:11
BRF:0
BRH:0
end_of_record
TN:
SF:src/helpers/RenderWithRouter.js
FN:5,withRouter
FN:13,renderWithRouter
FNF:2
FNH:2
FNDA:38,withRouter
FNDA:38,renderWithRouter
DA:6,38
DA:20,38
LF:2
LH:2
BRDA:15,0,0,38
BRDA:16,1,0,38
BRDA:17,2,0,38
BRF:3
BRH:3
end_of_record
TN:
SF:src/pages/DoneRecipes.js
FN:12,DoneRecipes
FN:17,(anonymous_1)
FN:21,(anonymous_2)
FN:26,(anonymous_3)
FN:32,(anonymous_4)
FN:34,(anonymous_5)
FN:44,(anonymous_6)
FN:51,(anonymous_7)
FN:63,(anonymous_8)
FN:75,(anonymous_9)
FN:83,(anonymous_10)
FN:100,(anonymous_11)
FN:108,(anonymous_12)
FNF:13
FNH:13
FNDA:30,DoneRecipes
FNDA:13,(anonymous_1)
FNDA:13,(anonymous_2)
FNDA:1,(anonymous_3)
FNDA:3,(anonymous_4)
FNDA:4,(anonymous_5)
FNDA:1,(anonymous_6)
FNDA:1,(anonymous_7)
FNDA:1,(anonymous_8)
FNDA:20,(anonymous_9)
FNDA:2,(anonymous_10)
FNDA:1,(anonymous_11)
FNDA:12,(anonymous_12)
DA:10,15
DA:13,30
DA:14,30
DA:15,30
DA:16,30
DA:17,30
DA:18,13
DA:21,30
DA:22,13
DA:23,13
DA:26,30
DA:27,1
DA:28,1
DA:29,1
DA:32,30
DA:33,3
DA:34,4
DA:35,3
DA:37,30
DA:44,1
DA:51,1
DA:63,1
DA:76,20
DA:83,2
DA:100,1
DA:109,12
LF:26
LH:26
BRDA:22,0,0,13
BRDA:22,0,1,3
BRDA:33,1,0,3
BRDA:33,1,1,1
BRDA:92,2,0,10
BRDA:92,2,1,10
BRDA:97,3,0,20
BRDA:97,3,1,2
BRF:8
BRH:8
end_of_record
TN:
SF:src/pages/Drinks.js
FN:10,Drinks
FN:17,(anonymous_1)
FN:21,(anonymous_2)
FN:26,(anonymous_3)
FN:31,(anonymous_4)
FN:33,(anonymous_5)
FN:34,(anonymous_6)
FN:46,(anonymous_7)
FN:60,(anonymous_8)
FN:69,(anonymous_9)
FNF:10
FNH:10
FNDA:35,Drinks
FNDA:6,(anonymous_1)
FNDA:5,(anonymous_2)
FNDA:1,(anonymous_3)
FNDA:6,(anonymous_4)
FNDA:4,(anonymous_5)
FNDA:4,(anonymous_6)
FNDA:85,(anonymous_7)
FNDA:1,(anonymous_8)
FNDA:81,(anonymous_9)
DA:13,35
DA:14,35
DA:15,35
DA:17,35
DA:18,6
DA:19,5
DA:20,5
DA:21,5
DA:22,5
DA:24,1
DA:25,1
DA:26,1
DA:27,1
DA:31,35
DA:32,6
DA:33,6
DA:34,6
DA:35,4
DA:39,35
DA:47,85
DA:61,1
DA:70,81
LF:22
LH:22
BRDA:18,0,0,5
BRDA:18,0,1,1
BRDA:45,1,0,35
BRDA:45,1,1,17
BRDA:68,2,0,7
BRDA:68,2,1,28
BRDA:68,3,0,35
BRDA:68,3,1,9
BRF:8
BRH:8
end_of_record
TN:
SF:src/pages/FavoriteRecipes.js
FN:12,FavoriteRecipes
FN:18,(anonymous_1)
FN:22,(anonymous_2)
FN:27,(anonymous_3)
FN:29,(anonymous_4)
FN:33,(anonymous_5)
FN:35,(anonymous_6)
FN:47,(anonymous_7)
FN:54,(anonymous_8)
FN:66,(anonymous_9)
FN:77,(anonymous_10)
FN:109,(anonymous_11)
FNF:12
FNH:12
FNDA:17,FavoriteRecipes
FNDA:6,(anonymous_1)
FNDA:6,(anonymous_2)
FNDA:3,(anonymous_3)
FNDA:6,(anonymous_4)
FNDA:1,(anonymous_5)
FNDA:2,(anonymous_6)
FNDA:1,(anonymous_7)
FNDA:1,(anonymous_8)
FNDA:1,(anonymous_9)
FNDA:13,(anonymous_10)
FNDA:1,(anonymous_11)
DA:10,15
DA:13,17
DA:14,17
DA:15,17
DA:18,17
DA:19,6
DA:22,17
DA:23,6
DA:24,6
DA:27,17
DA:28,3
DA:29,6
DA:30,3
DA:33,17
DA:34,1
DA:35,2
DA:36,1
DA:37,1
DA:39,17
DA:47,1
DA:54,1
DA:66,1
DA:78,13
DA:110,1
DA:111,1
DA:112,1
LF:26
LH:26
BRDA:23,0,0,6
BRDA:23,0,1,3
BRDA:87,1,0,6
BRDA:87,1,1,7
BRDA:121,2,0,13
BRDA:121,2,1,2
BRF:6
BRH:6
end_of_record
TN:
SF:src/pages/Login.js
FN:5,Login
FN:11,(anonymous_1)
FN:28,(anonymous_2)
FN:36,(anonymous_3)
FN:43,(anonymous_4)
FNF:5
FNH:5
FNDA:85,Login
FNDA:62,(anonymous_1)
FNDA:16,(anonymous_2)
FNDA:7,(anonymous_3)
FNDA:1,(anonymous_4)
DA:6,85
DA:7,85
DA:8,85
DA:9,85
DA:11,85
DA:12,62
DA:13,62
DA:14,62
DA:15,62
DA:16,62
DA:17,1
DA:21,85
DA:28,16
DA:36,7
DA:44,1
DA:45,1
LF:16
LH:16
BRDA:16,0,0,1
BRDA:16,0,1,61
BRDA:16,1,0,62
BRDA:16,1,1,9
BRF:4
BRH:4
end_of_record
TN:
SF:src/pages/Meals.js
FN:10,Meals
FN:18,(anonymous_1)
FN:22,(anonymous_2)
FN:27,(anonymous_3)
FN:32,(anonymous_4)
FN:34,(anonymous_5)
FN:35,(anonymous_6)
FN:45,(anonymous_7)
FN:61,(anonymous_8)
FN:70,(anonymous_9)
FNF:10
FNH:10
FNDA:38,Meals
FNDA:6,(anonymous_1)
FNDA:5,(anonymous_2)
FNDA:1,(anonymous_3)
FNDA:8,(anonymous_4)
FNDA:4,(anonymous_5)
FNDA:4,(anonymous_6)
FNDA:80,(anonymous_7)
FNDA:1,(anonymous_8)
FNDA:69,(anonymous_9)
DA:11,38
DA:12,38
DA:16,38
DA:18,38
DA:19,6
DA:20,5
DA:21,5
DA:22,5
DA:23,5
DA:25,1
DA:26,1
DA:27,1
DA:28,1
DA:32,38
DA:33,8
DA:34,8
DA:35,8
DA:38,38
DA:46,80
DA:62,1
DA:71,69
LF:21
LH:21
BRDA:19,0,0,5
BRDA:19,0,1,1
BRDA:44,1,0,38
BRDA:44,1,1,16
BRDA:69,2,0,8
BRDA:69,2,1,30
BRDA:69,3,0,38
BRDA:69,3,1,9
BRF:8
BRH:8
end_of_record
TN:
SF:src/pages/Profile.js
FN:7,Profile
FN:10,(anonymous_1)
FN:15,(anonymous_2)
FN:25,(anonymous_3)
FN:34,(anonymous_4)
FNF:5
FNH:5
FNDA:8,Profile
FNDA:4,(anonymous_1)
FNDA:1,(anonymous_2)
FNDA:1,(anonymous_3)
FNDA:1,(anonymous_4)
DA:8,8
DA:9,8
DA:10,8
DA:11,4
DA:13,8
DA:15,8
DA:16,1
DA:17,1
DA:20,8
DA:26,1
DA:35,1
LF:11
LH:11
BRF:0
BRH:0
end_of_record
TN:
SF:src/pages/RecipeInProgress.js
FN:6,RecipeInProgress
FNF:1
FNH:1
FNDA:17,RecipeInProgress
DA:7,17
DA:8,14
DA:10,14
LF:3
LH:3
BRDA:12,0,0,14
BRDA:12,0,1,7
BRDA:18,1,0,14
BRDA:18,1,1,7
BRF:4
BRH:4
end_of_record
TN:
SF:src/pages/Recipes.js
FN:7,Recipes
FN:15,(anonymous_1)
FN:30,(anonymous_2)
FNF:3
FNH:3
FNDA:58,Recipes
FNDA:60,(anonymous_1)
FNDA:60,(anonymous_2)
DA:5,15
DA:8,58
DA:9,58
DA:11,58
DA:16,60
DA:31,60
LF:6
LH:6
BRDA:14,0,0,58
BRDA:14,0,1,28
BRDA:29,1,0,58
BRDA:29,1,1,30
BRDA:29,1,2,5
BRF:5
BRH:5
end_of_record
TN:
SF:src/service/LocalStorage.js
FN:1,(anonymous_0)
FN:5,(anonymous_1)
FN:9,(anonymous_2)
FNF:3
FNH:3
FNDA:1,(anonymous_0)
FNDA:56,(anonymous_1)
FNDA:4,(anonymous_2)
DA:1,15
DA:2,1
DA:5,15
DA:6,56
DA:9,15
DA:10,4
LF:6
LH:6
BRF:0
BRH:0
end_of_record
TN:
SF:src/service/RequestAPI.js
FN:1,(anonymous_0)
FN:8,(anonymous_1)
FN:15,(anonymous_2)
FN:22,(anonymous_3)
FN:29,(anonymous_4)
FN:36,(anonymous_5)
FN:43,(anonymous_6)
FN:50,(anonymous_7)
FN:57,(anonymous_8)
FN:64,(anonymous_9)
FN:71,(anonymous_10)
FN:78,(anonymous_11)
FNF:12
FNH:9
FNDA:2,(anonymous_0)
FNDA:0,(anonymous_1)
FNDA:0,(anonymous_2)
FNDA:1,(anonymous_3)
FNDA:2,(anonymous_4)
FNDA:0,(anonymous_5)
FNDA:6,(anonymous_6)
FNDA:8,(anonymous_7)
FNDA:8,(anonymous_8)
FNDA:6,(anonymous_9)
FNDA:6,(anonymous_10)
FNDA:6,(anonymous_11)
DA:1,15
DA:2,2
DA:3,2
DA:4,2
DA:5,2
DA:8,15
DA:9,0
DA:10,0
DA:11,0
DA:12,0
DA:15,15
DA:16,0
DA:17,0
DA:18,0
DA:19,0
DA:22,15
DA:23,1
DA:24,1
DA:25,1
DA:26,1
DA:29,15
DA:30,2
DA:31,2
DA:32,2
DA:33,2
DA:36,15
DA:37,0
DA:38,0
DA:39,0
DA:40,0
DA:43,15
DA:44,6
DA:45,6
DA:46,4
DA:47,4
DA:50,15
DA:51,8
DA:52,8
DA:53,4
DA:54,4
DA:57,15
DA:58,8
DA:59,8
DA:60,4
DA:61,4
DA:64,15
DA:65,6
DA:66,6
DA:67,4
DA:68,4
DA:71,15
DA:72,6
DA:73,6
DA:74,6
DA:75,6
DA:78,15
DA:79,6
DA:80,6
DA:81,6
DA:82,6
LF:60
LH:48
BRF:0
BRH:0
end_of_record
